Arguments: 
  /usr/local/bin/node /usr/local/Cellar/yarn/1.6.0/libexec/bin/yarn.js add react-countup: ^4.3.3,

PATH: 
  /usr/local/go/bin:/usr/local/Cellar/git/2.21.0/bin:/usr/local/opt/sqlite/bin:/usr/local/bin:/usr/local/sbib:/usr/local/Cellar/php@7.2/7.2.34_1/sbin:/usr/local/Cellar/php@7.2/7.2.34_1/bin:/usr/local/sbin:/usr/local/bin:/usr/local/bin:/usr/local/sbin:/usr/local/opt/icu4c/sbin:/usr/local/opt/icu4c/bin:/usr/local/opt/gettext/bin:/usr/local/opt/apr-util/bin:/usr/local/opt/openssl/bin:/usr/local/opt/apr/bin:/usr/local/opt/apr-util/bin:/usr/local/bin:/usr/local/sbin:/Library/Frameworks/Python.framework/Versions/3.6/bin:/usr/local/bin:/usr/bin:/bin:/usr/sbin:/sbin:/Users/angel/.node/bin

Yarn version: 
  1.6.0

Node version: 
  12.16.3

Platform: 
  darwin x64

Trace: 
  Error: react-countup:: Invalid URI "react-countup:/"
      at Request.module.exports.Request.init (/usr/local/Cellar/yarn/1.6.0/libexec/lib/cli.js:133243:31)
      at new Request (/usr/local/Cellar/yarn/1.6.0/libexec/lib/cli.js:133097:8)
      at request (/usr/local/Cellar/yarn/1.6.0/libexec/lib/cli.js:130096:10)
      at RequestManager.execute (/usr/local/Cellar/yarn/1.6.0/libexec/lib/cli.js:65379:15)
      at RequestManager.shiftQueue (/usr/local/Cellar/yarn/1.6.0/libexec/lib/cli.js:65406:10)
      at /usr/local/Cellar/yarn/1.6.0/libexec/lib/cli.js:65157:13
      at new Promise (<anonymous>)
      at new F (/usr/local/Cellar/yarn/1.6.0/libexec/lib/cli.js:23469:28)
      at RequestManager.request (/usr/local/Cellar/yarn/1.6.0/libexec/lib/cli.js:65155:19)
      at NpmRegistry.request (/usr/local/Cellar/yarn/1.6.0/libexec/lib/cli.js:31162:32)

npm manifest: 
  {
    "name": "chinese-color",
    "version": "0.0.0",
    "scripts": {
      "dev": "vite",
      "build": "tsc && vite build",
      "serve": "vite preview"
    },
    "dependencies": {
      "@ant-design/icons": "^4.2.1",
      "@types/node": "^15.0.2",
      "@types/react-redux": "^7.1.9",
      "@types/react-transition-group": "^4.4.0",
      "antd": "^4.4.2",
      "axios": "^0.21.1",
      "react": "^17.0.0",
      "react-canvas-nest": "^1.1.1",
      "react-dom": "^17.0.0",
      "react-redux": "^7.2.0",
      "redux": "^4.0.5",
      "redux-react-hook": "^4.0.1"
    },
    "eslintConfig": {
      "extends": "react-app"
    },
    "devDependencies": {
      "@types/lodash": "^4.14.159",
      "@types/react": "^17.0.0",
      "@types/react-dom": "^17.0.0",
      "@types/styled-components": "^5.1.1",
      "@typescript-eslint/eslint-plugin": "^3.7.1",
      "@typescript-eslint/parser": "^3.7.1",
      "@vitejs/plugin-react-refresh": "^1.3.1",
      "eslint-config-alloy": "^3.7.4",
      "eslint-plugin-react": "^7.20.5",
      "lodash": "^4.17.19",
      "styled-components": "^5.1.1",
      "typescript": "^4.1.2",
      "vite": "^2.2.3"
    }
  }

yarn manifest: 
  No manifest

Lockfile: 
  # THIS IS AN AUTOGENERATED FILE. DO NOT EDIT THIS FILE DIRECTLY.
  # yarn lockfile v1
  
  
  "@ant-design/colors@^6.0.0":
    version "6.0.0"
    resolved "https://registry.npm.taobao.org/@ant-design/colors/download/@ant-design/colors-6.0.0.tgz?cache=0&sync_timestamp=1612936022469&other_urls=https%3A%2F%2Fregistry.npm.taobao.org%2F%40ant-design%2Fcolors%2Fdownload%2F%40ant-design%2Fcolors-6.0.0.tgz#9b9366257cffcc47db42b9d0203bb592c13c0298"
    dependencies:
      "@ctrl/tinycolor" "^3.4.0"
  
  "@ant-design/icons-svg@^4.0.0":
    version "4.1.0"
    resolved "https://registry.npm.taobao.org/@ant-design/icons-svg/download/@ant-design/icons-svg-4.1.0.tgz#480b025f4b20ef7fe8f47d4a4846e4fee84ea06c"
  
  "@ant-design/icons@^4.2.1", "@ant-design/icons@^4.6.2":
    version "4.6.2"
    resolved "https://registry.npm.taobao.org/@ant-design/icons/download/@ant-design/icons-4.6.2.tgz#290f2e8cde505ab081fda63e511e82d3c48be982"
    dependencies:
      "@ant-design/colors" "^6.0.0"
      "@ant-design/icons-svg" "^4.0.0"
      "@babel/runtime" "^7.11.2"
      classnames "^2.2.6"
      rc-util "^5.9.4"
  
  "@ant-design/react-slick@~0.28.1":
    version "0.28.3"
    resolved "https://registry.npm.taobao.org/@ant-design/react-slick/download/@ant-design/react-slick-0.28.3.tgz?cache=0&sync_timestamp=1617867868369&other_urls=https%3A%2F%2Fregistry.npm.taobao.org%2F%40ant-design%2Freact-slick%2Fdownload%2F%40ant-design%2Freact-slick-0.28.3.tgz#ad5cf1cf50363c1a3842874d69d0ce1f26696e71"
    dependencies:
      "@babel/runtime" "^7.10.4"
      classnames "^2.2.5"
      json2mq "^0.2.0"
      lodash "^4.17.21"
      resize-observer-polyfill "^1.5.0"
  
  "@babel/code-frame@^7.12.13":
    version "7.12.13"
    resolved "https://registry.npm.taobao.org/@babel/code-frame/download/@babel/code-frame-7.12.13.tgz?cache=0&sync_timestamp=1612314635887&other_urls=https%3A%2F%2Fregistry.npm.taobao.org%2F%40babel%2Fcode-frame%2Fdownload%2F%40babel%2Fcode-frame-7.12.13.tgz#dcfc826beef65e75c50e21d3837d7d95798dd658"
    dependencies:
      "@babel/highlight" "^7.12.13"
  
  "@babel/compat-data@^7.13.15":
    version "7.14.0"
    resolved "https://registry.nlark.com/@babel/compat-data/download/@babel/compat-data-7.14.0.tgz?cache=0&sync_timestamp=1619727430608&other_urls=https%3A%2F%2Fregistry.nlark.com%2F%40babel%2Fcompat-data%2Fdownload%2F%40babel%2Fcompat-data-7.14.0.tgz#a901128bce2ad02565df95e6ecbf195cf9465919"
  
  "@babel/core@^7.12.13":
    version "7.14.0"
    resolved "https://registry.nlark.com/@babel/core/download/@babel/core-7.14.0.tgz#47299ff3ec8d111b493f1a9d04bf88c04e728d88"
    dependencies:
      "@babel/code-frame" "^7.12.13"
      "@babel/generator" "^7.14.0"
      "@babel/helper-compilation-targets" "^7.13.16"
      "@babel/helper-module-transforms" "^7.14.0"
      "@babel/helpers" "^7.14.0"
      "@babel/parser" "^7.14.0"
      "@babel/template" "^7.12.13"
      "@babel/traverse" "^7.14.0"
      "@babel/types" "^7.14.0"
      convert-source-map "^1.7.0"
      debug "^4.1.0"
      gensync "^1.0.0-beta.2"
      json5 "^2.1.2"
      semver "^6.3.0"
      source-map "^0.5.0"
  
  "@babel/generator@^7.14.0":
    version "7.14.1"
    resolved "https://registry.nlark.com/@babel/generator/download/@babel/generator-7.14.1.tgz#1f99331babd65700183628da186f36f63d615c93"
    dependencies:
      "@babel/types" "^7.14.1"
      jsesc "^2.5.1"
      source-map "^0.5.0"
  
  "@babel/helper-annotate-as-pure@^7.0.0":
    version "7.12.13"
    resolved "https://registry.npm.taobao.org/@babel/helper-annotate-as-pure/download/@babel/helper-annotate-as-pure-7.12.13.tgz?cache=0&sync_timestamp=1612314636125&other_urls=https%3A%2F%2Fregistry.npm.taobao.org%2F%40babel%2Fhelper-annotate-as-pure%2Fdownload%2F%40babel%2Fhelper-annotate-as-pure-7.12.13.tgz#0f58e86dfc4bb3b1fcd7db806570e177d439b6ab"
    dependencies:
      "@babel/types" "^7.12.13"
  
  "@babel/helper-compilation-targets@^7.13.16":
    version "7.13.16"
    resolved "https://registry.nlark.com/@babel/helper-compilation-targets/download/@babel/helper-compilation-targets-7.13.16.tgz#6e91dccf15e3f43e5556dffe32d860109887563c"
    dependencies:
      "@babel/compat-data" "^7.13.15"
      "@babel/helper-validator-option" "^7.12.17"
      browserslist "^4.14.5"
      semver "^6.3.0"
  
  "@babel/helper-function-name@^7.12.13":
    version "7.12.13"
    resolved "https://registry.npm.taobao.org/@babel/helper-function-name/download/@babel/helper-function-name-7.12.13.tgz#93ad656db3c3c2232559fd7b2c3dbdcbe0eb377a"
    dependencies:
      "@babel/helper-get-function-arity" "^7.12.13"
      "@babel/template" "^7.12.13"
      "@babel/types" "^7.12.13"
  
  "@babel/helper-get-function-arity@^7.12.13":
    version "7.12.13"
    resolved "https://registry.npm.taobao.org/@babel/helper-get-function-arity/download/@babel/helper-get-function-arity-7.12.13.tgz?cache=0&sync_timestamp=1612314686467&other_urls=https%3A%2F%2Fregistry.npm.taobao.org%2F%40babel%2Fhelper-get-function-arity%2Fdownload%2F%40babel%2Fhelper-get-function-arity-7.12.13.tgz#bc63451d403a3b3082b97e1d8b3fe5bd4091e583"
    dependencies:
      "@babel/types" "^7.12.13"
  
  "@babel/helper-member-expression-to-functions@^7.13.12":
    version "7.13.12"
    resolved "https://registry.nlark.com/@babel/helper-member-expression-to-functions/download/@babel/helper-member-expression-to-functions-7.13.12.tgz#dfe368f26d426a07299d8d6513821768216e6d72"
    dependencies:
      "@babel/types" "^7.13.12"
  
  "@babel/helper-module-imports@^7.0.0", "@babel/helper-module-imports@^7.13.12":
    version "7.13.12"
    resolved "https://registry.nlark.com/@babel/helper-module-imports/download/@babel/helper-module-imports-7.13.12.tgz?cache=0&other_urls=https%3A%2F%2Fregistry.nlark.com%2F%40babel%2Fhelper-module-imports%2Fdownload%2F%40babel%2Fhelper-module-imports-7.13.12.tgz#c6a369a6f3621cb25da014078684da9196b61977"
    dependencies:
      "@babel/types" "^7.13.12"
  
  "@babel/helper-module-transforms@^7.14.0":
    version "7.14.0"
    resolved "https://registry.nlark.com/@babel/helper-module-transforms/download/@babel/helper-module-transforms-7.14.0.tgz#8fcf78be220156f22633ee204ea81f73f826a8ad"
    dependencies:
      "@babel/helper-module-imports" "^7.13.12"
      "@babel/helper-replace-supers" "^7.13.12"
      "@babel/helper-simple-access" "^7.13.12"
      "@babel/helper-split-export-declaration" "^7.12.13"
      "@babel/helper-validator-identifier" "^7.14.0"
      "@babel/template" "^7.12.13"
      "@babel/traverse" "^7.14.0"
      "@babel/types" "^7.14.0"
  
  "@babel/helper-optimise-call-expression@^7.12.13":
    version "7.12.13"
    resolved "https://registry.npm.taobao.org/@babel/helper-optimise-call-expression/download/@babel/helper-optimise-call-expression-7.12.13.tgz?cache=0&sync_timestamp=1612314636446&other_urls=https%3A%2F%2Fregistry.npm.taobao.org%2F%40babel%2Fhelper-optimise-call-expression%2Fdownload%2F%40babel%2Fhelper-optimise-call-expression-7.12.13.tgz#5c02d171b4c8615b1e7163f888c1c81c30a2aaea"
    dependencies:
      "@babel/types" "^7.12.13"
  
  "@babel/helper-plugin-utils@^7.12.13":
    version "7.13.0"
    resolved "https://registry.npm.taobao.org/@babel/helper-plugin-utils/download/@babel/helper-plugin-utils-7.13.0.tgz#806526ce125aed03373bc416a828321e3a6a33af"
  
  "@babel/helper-replace-supers@^7.13.12":
    version "7.13.12"
    resolved "https://registry.npm.taobao.org/@babel/helper-replace-supers/download/@babel/helper-replace-supers-7.13.12.tgz?cache=0&sync_timestamp=1616428104144&other_urls=https%3A%2F%2Fregistry.npm.taobao.org%2F%40babel%2Fhelper-replace-supers%2Fdownload%2F%40babel%2Fhelper-replace-supers-7.13.12.tgz#6442f4c1ad912502481a564a7386de0c77ff3804"
    dependencies:
      "@babel/helper-member-expression-to-functions" "^7.13.12"
      "@babel/helper-optimise-call-expression" "^7.12.13"
      "@babel/traverse" "^7.13.0"
      "@babel/types" "^7.13.12"
  
  "@babel/helper-simple-access@^7.13.12":
    version "7.13.12"
    resolved "https://registry.nlark.com/@babel/helper-simple-access/download/@babel/helper-simple-access-7.13.12.tgz#dd6c538afb61819d205a012c31792a39c7a5eaf6"
    dependencies:
      "@babel/types" "^7.13.12"
  
  "@babel/helper-split-export-declaration@^7.12.13":
    version "7.12.13"
    resolved "https://registry.npm.taobao.org/@babel/helper-split-export-declaration/download/@babel/helper-split-export-declaration-7.12.13.tgz?cache=0&sync_timestamp=1612314636310&other_urls=https%3A%2F%2Fregistry.npm.taobao.org%2F%40babel%2Fhelper-split-export-declaration%2Fdownload%2F%40babel%2Fhelper-split-export-declaration-7.12.13.tgz#e9430be00baf3e88b0e13e6f9d4eaf2136372b05"
    dependencies:
      "@babel/types" "^7.12.13"
  
  "@babel/helper-validator-identifier@^7.14.0":
    version "7.14.0"
    resolved "https://registry.nlark.com/@babel/helper-validator-identifier/download/@babel/helper-validator-identifier-7.14.0.tgz?cache=0&sync_timestamp=1619727388937&other_urls=https%3A%2F%2Fregistry.nlark.com%2F%40babel%2Fhelper-validator-identifier%2Fdownload%2F%40babel%2Fhelper-validator-identifier-7.14.0.tgz#d26cad8a47c65286b15df1547319a5d0bcf27288"
  
  "@babel/helper-validator-option@^7.12.17":
    version "7.12.17"
    resolved "https://registry.npm.taobao.org/@babel/helper-validator-option/download/@babel/helper-validator-option-7.12.17.tgz?cache=0&sync_timestamp=1613662281943&other_urls=https%3A%2F%2Fregistry.npm.taobao.org%2F%40babel%2Fhelper-validator-option%2Fdownload%2F%40babel%2Fhelper-validator-option-7.12.17.tgz#d1fbf012e1a79b7eebbfdc6d270baaf8d9eb9831"
  
  "@babel/helpers@^7.14.0":
    version "7.14.0"
    resolved "https://registry.nlark.com/@babel/helpers/download/@babel/helpers-7.14.0.tgz?cache=0&sync_timestamp=1619727392870&other_urls=https%3A%2F%2Fregistry.nlark.com%2F%40babel%2Fhelpers%2Fdownload%2F%40babel%2Fhelpers-7.14.0.tgz#ea9b6be9478a13d6f961dbb5f36bf75e2f3b8f62"
    dependencies:
      "@babel/template" "^7.12.13"
      "@babel/traverse" "^7.14.0"
      "@babel/types" "^7.14.0"
  
  "@babel/highlight@^7.12.13":
    version "7.14.0"
    resolved "https://registry.nlark.com/@babel/highlight/download/@babel/highlight-7.14.0.tgz#3197e375711ef6bf834e67d0daec88e4f46113cf"
    dependencies:
      "@babel/helper-validator-identifier" "^7.14.0"
      chalk "^2.0.0"
      js-tokens "^4.0.0"
  
  "@babel/parser@^7.12.13", "@babel/parser@^7.14.0":
    version "7.14.1"
    resolved "https://registry.nlark.com/@babel/parser/download/@babel/parser-7.14.1.tgz#1bd644b5db3f5797c4479d89ec1817fe02b84c47"
  
  "@babel/plugin-transform-react-jsx-self@^7.12.13":
    version "7.12.13"
    resolved "https://registry.npm.taobao.org/@babel/plugin-transform-react-jsx-self/download/@babel/plugin-transform-react-jsx-self-7.12.13.tgz#422d99d122d592acab9c35ea22a6cfd9bf189f60"
    dependencies:
      "@babel/helper-plugin-utils" "^7.12.13"
  
  "@babel/plugin-transform-react-jsx-source@^7.12.13":
    version "7.12.13"
    resolved "https://registry.npm.taobao.org/@babel/plugin-transform-react-jsx-source/download/@babel/plugin-transform-react-jsx-source-7.12.13.tgz#051d76126bee5c9a6aa3ba37be2f6c1698856bcb"
    dependencies:
      "@babel/helper-plugin-utils" "^7.12.13"
  
  "@babel/runtime@^7.10.1", "@babel/runtime@^7.10.2", "@babel/runtime@^7.10.4", "@babel/runtime@^7.11.1", "@babel/runtime@^7.11.2", "@babel/runtime@^7.12.1", "@babel/runtime@^7.12.5", "@babel/runtime@^7.8.4", "@babel/runtime@^7.9.2":
    version "7.14.0"
    resolved "https://registry.nlark.com/@babel/runtime/download/@babel/runtime-7.14.0.tgz?cache=0&sync_timestamp=1619727389508&other_urls=https%3A%2F%2Fregistry.nlark.com%2F%40babel%2Fruntime%2Fdownload%2F%40babel%2Fruntime-7.14.0.tgz#46794bc20b612c5f75e62dd071e24dfd95f1cbe6"
    dependencies:
      regenerator-runtime "^0.13.4"
  
  "@babel/template@^7.12.13":
    version "7.12.13"
    resolved "https://registry.npm.taobao.org/@babel/template/download/@babel/template-7.12.13.tgz#530265be8a2589dbb37523844c5bcb55947fb327"
    dependencies:
      "@babel/code-frame" "^7.12.13"
      "@babel/parser" "^7.12.13"
      "@babel/types" "^7.12.13"
  
  "@babel/traverse@^7.13.0", "@babel/traverse@^7.14.0", "@babel/traverse@^7.4.5":
    version "7.14.0"
    resolved "https://registry.nlark.com/@babel/traverse/download/@babel/traverse-7.14.0.tgz?cache=0&sync_timestamp=1619727432002&other_urls=https%3A%2F%2Fregistry.nlark.com%2F%40babel%2Ftraverse%2Fdownload%2F%40babel%2Ftraverse-7.14.0.tgz#cea0dc8ae7e2b1dec65f512f39f3483e8cc95aef"
    dependencies:
      "@babel/code-frame" "^7.12.13"
      "@babel/generator" "^7.14.0"
      "@babel/helper-function-name" "^7.12.13"
      "@babel/helper-split-export-declaration" "^7.12.13"
      "@babel/parser" "^7.14.0"
      "@babel/types" "^7.14.0"
      debug "^4.1.0"
      globals "^11.1.0"
  
  "@babel/types@^7.12.13", "@babel/types@^7.13.12", "@babel/types@^7.14.0", "@babel/types@^7.14.1":
    version "7.14.1"
    resolved "https://registry.nlark.com/@babel/types/download/@babel/types-7.14.1.tgz#095bd12f1c08ab63eff6e8f7745fa7c9cc15a9db"
    dependencies:
      "@babel/helper-validator-identifier" "^7.14.0"
      to-fast-properties "^2.0.0"
  
  "@ctrl/tinycolor@^3.4.0":
    version "3.4.0"
    resolved "https://registry.npm.taobao.org/@ctrl/tinycolor/download/@ctrl/tinycolor-3.4.0.tgz#c3c5ae543c897caa9c2a68630bed355be5f9990f"
  
  "@emotion/is-prop-valid@^0.8.8":
    version "0.8.8"
    resolved "https://registry.npm.taobao.org/@emotion/is-prop-valid/download/@emotion/is-prop-valid-0.8.8.tgz#db28b1c4368a259b60a97311d6a952d4fd01ac1a"
    dependencies:
      "@emotion/memoize" "0.7.4"
  
  "@emotion/memoize@0.7.4":
    version "0.7.4"
    resolved "https://registry.npm.taobao.org/@emotion/memoize/download/@emotion/memoize-0.7.4.tgz#19bf0f5af19149111c40d98bb0cf82119f5d9eeb"
  
  "@emotion/stylis@^0.8.4":
    version "0.8.5"
    resolved "https://registry.npm.taobao.org/@emotion/stylis/download/@emotion/stylis-0.8.5.tgz#deacb389bd6ee77d1e7fcaccce9e16c5c7e78e04"
  
  "@emotion/unitless@^0.7.4":
    version "0.7.5"
    resolved "https://registry.npm.taobao.org/@emotion/unitless/download/@emotion/unitless-0.7.5.tgz#77211291c1900a700b8a78cfafda3160d76949ed"
  
  "@types/eslint-visitor-keys@^1.0.0":
    version "1.0.0"
    resolved "https://registry.npm.taobao.org/@types/eslint-visitor-keys/download/@types/eslint-visitor-keys-1.0.0.tgz#1ee30d79544ca84d68d4b3cdb0af4f205663dd2d"
  
  "@types/hoist-non-react-statics@*", "@types/hoist-non-react-statics@^3.3.0":
    version "3.3.1"
    resolved "https://registry.npm.taobao.org/@types/hoist-non-react-statics/download/@types/hoist-non-react-statics-3.3.1.tgz#1124aafe5118cb591977aeb1ceaaed1070eb039f"
    dependencies:
      "@types/react" "*"
      hoist-non-react-statics "^3.3.0"
  
  "@types/json-schema@^7.0.3":
    version "7.0.7"
    resolved "https://registry.npm.taobao.org/@types/json-schema/download/@types/json-schema-7.0.7.tgz?cache=0&sync_timestamp=1613379017372&other_urls=https%3A%2F%2Fregistry.npm.taobao.org%2F%40types%2Fjson-schema%2Fdownload%2F%40types%2Fjson-schema-7.0.7.tgz#98a993516c859eb0d5c4c8f098317a9ea68db9ad"
  
  "@types/lodash@^4.14.159":
    version "4.14.168"
    resolved "https://registry.nlark.com/@types/lodash/download/@types/lodash-4.14.168.tgz?cache=0&sync_timestamp=1618847152590&other_urls=https%3A%2F%2Fregistry.nlark.com%2F%40types%2Flodash%2Fdownload%2F%40types%2Flodash-4.14.168.tgz#fe24632e79b7ade3f132891afff86caa5e5ce008"
  
  "@types/node@^15.0.2":
    version "15.0.2"
    resolved "https://registry.nlark.com/@types/node/download/@types/node-15.0.2.tgz?cache=0&sync_timestamp=1620169747301&other_urls=https%3A%2F%2Fregistry.nlark.com%2F%40types%2Fnode%2Fdownload%2F%40types%2Fnode-15.0.2.tgz#51e9c0920d1b45936ea04341aa3e2e58d339fb67"
  
  "@types/prop-types@*":
    version "15.7.3"
    resolved "https://registry.npm.taobao.org/@types/prop-types/download/@types/prop-types-15.7.3.tgz?cache=0&sync_timestamp=1613379624021&other_urls=https%3A%2F%2Fregistry.npm.taobao.org%2F%40types%2Fprop-types%2Fdownload%2F%40types%2Fprop-types-15.7.3.tgz#2ab0d5da2e5815f94b0b9d4b95d1e5f243ab2ca7"
  
  "@types/react-dom@^17.0.0":
    version "17.0.3"
    resolved "https://registry.nlark.com/@types/react-dom/download/@types/react-dom-17.0.3.tgz?cache=0&sync_timestamp=1618846810417&other_urls=https%3A%2F%2Fregistry.nlark.com%2F%40types%2Freact-dom%2Fdownload%2F%40types%2Freact-dom-17.0.3.tgz#7fdf37b8af9d6d40127137865bb3fff8871d7ee1"
    dependencies:
      "@types/react" "*"
  
  "@types/react-redux@^7.1.16", "@types/react-redux@^7.1.9":
    version "7.1.16"
    resolved "https://registry.npm.taobao.org/@types/react-redux/download/@types/react-redux-7.1.16.tgz#0fbd04c2500c12105494c83d4a3e45c084e3cb21"
    dependencies:
      "@types/hoist-non-react-statics" "^3.3.0"
      "@types/react" "*"
      hoist-non-react-statics "^3.3.0"
      redux "^4.0.0"
  
  "@types/react-transition-group@^4.4.0":
    version "4.4.1"
    resolved "https://registry.npm.taobao.org/@types/react-transition-group/download/@types/react-transition-group-4.4.1.tgz#e1a3cb278df7f47f17b5082b1b3da17170bd44b1"
    dependencies:
      "@types/react" "*"
  
  "@types/react@*", "@types/react@^17.0.0":
    version "17.0.5"
    resolved "https://registry.nlark.com/@types/react/download/@types/react-17.0.5.tgz#3d887570c4489011f75a3fc8f965bf87d09a1bea"
    dependencies:
      "@types/prop-types" "*"
      "@types/scheduler" "*"
      csstype "^3.0.2"
  
  "@types/scheduler@*":
    version "0.16.1"
    resolved "https://registry.npm.taobao.org/@types/scheduler/download/@types/scheduler-0.16.1.tgz#18845205e86ff0038517aab7a18a62a6b9f71275"
  
  "@types/styled-components@^5.1.1":
    version "5.1.9"
    resolved "https://registry.npm.taobao.org/@types/styled-components/download/@types/styled-components-5.1.9.tgz#00d3d84b501420521c4db727e3c195459f87a6cf"
    dependencies:
      "@types/hoist-non-react-statics" "*"
      "@types/react" "*"
      csstype "^3.0.2"
  
  "@typescript-eslint/eslint-plugin@^3.7.1":
    version "3.10.1"
    resolved "https://registry.nlark.com/@typescript-eslint/eslint-plugin/download/@typescript-eslint/eslint-plugin-3.10.1.tgz?cache=0&sync_timestamp=1620621552181&other_urls=https%3A%2F%2Fregistry.nlark.com%2F%40typescript-eslint%2Feslint-plugin%2Fdownload%2F%40typescript-eslint%2Feslint-plugin-3.10.1.tgz#7e061338a1383f59edc204c605899f93dc2e2c8f"
    dependencies:
      "@typescript-eslint/experimental-utils" "3.10.1"
      debug "^4.1.1"
      functional-red-black-tree "^1.0.1"
      regexpp "^3.0.0"
      semver "^7.3.2"
      tsutils "^3.17.1"
  
  "@typescript-eslint/experimental-utils@3.10.1":
    version "3.10.1"
    resolved "https://registry.nlark.com/@typescript-eslint/experimental-utils/download/@typescript-eslint/experimental-utils-3.10.1.tgz?cache=0&sync_timestamp=1620621529402&other_urls=https%3A%2F%2Fregistry.nlark.com%2F%40typescript-eslint%2Fexperimental-utils%2Fdownload%2F%40typescript-eslint%2Fexperimental-utils-3.10.1.tgz#e179ffc81a80ebcae2ea04e0332f8b251345a686"
    dependencies:
      "@types/json-schema" "^7.0.3"
      "@typescript-eslint/types" "3.10.1"
      "@typescript-eslint/typescript-estree" "3.10.1"
      eslint-scope "^5.0.0"
      eslint-utils "^2.0.0"
  
  "@typescript-eslint/parser@^3.7.1":
    version "3.10.1"
    resolved "https://registry.nlark.com/@typescript-eslint/parser/download/@typescript-eslint/parser-3.10.1.tgz#1883858e83e8b442627e1ac6f408925211155467"
    dependencies:
      "@types/eslint-visitor-keys" "^1.0.0"
      "@typescript-eslint/experimental-utils" "3.10.1"
      "@typescript-eslint/types" "3.10.1"
      "@typescript-eslint/typescript-estree" "3.10.1"
      eslint-visitor-keys "^1.1.0"
  
  "@typescript-eslint/types@3.10.1":
    version "3.10.1"
    resolved "https://registry.nlark.com/@typescript-eslint/types/download/@typescript-eslint/types-3.10.1.tgz#1d7463fa7c32d8a23ab508a803ca2fe26e758727"
  
  "@typescript-eslint/typescript-estree@3.10.1":
    version "3.10.1"
    resolved "https://registry.nlark.com/@typescript-eslint/typescript-estree/download/@typescript-eslint/typescript-estree-3.10.1.tgz?cache=0&sync_timestamp=1620621296846&other_urls=https%3A%2F%2Fregistry.nlark.com%2F%40typescript-eslint%2Ftypescript-estree%2Fdownload%2F%40typescript-eslint%2Ftypescript-estree-3.10.1.tgz#fd0061cc38add4fad45136d654408569f365b853"
    dependencies:
      "@typescript-eslint/types" "3.10.1"
      "@typescript-eslint/visitor-keys" "3.10.1"
      debug "^4.1.1"
      glob "^7.1.6"
      is-glob "^4.0.1"
      lodash "^4.17.15"
      semver "^7.3.2"
      tsutils "^3.17.1"
  
  "@typescript-eslint/visitor-keys@3.10.1":
    version "3.10.1"
    resolved "https://registry.nlark.com/@typescript-eslint/visitor-keys/download/@typescript-eslint/visitor-keys-3.10.1.tgz#cd4274773e3eb63b2e870ac602274487ecd1e931"
    dependencies:
      eslint-visitor-keys "^1.1.0"
  
  "@vitejs/plugin-react-refresh@^1.3.1":
    version "1.3.3"
    resolved "https://registry.nlark.com/@vitejs/plugin-react-refresh/download/@vitejs/plugin-react-refresh-1.3.3.tgz#d5afb3e0463f368a8afadfdd7305fe5c5fe78a6a"
    dependencies:
      "@babel/core" "^7.12.13"
      "@babel/plugin-transform-react-jsx-self" "^7.12.13"
      "@babel/plugin-transform-react-jsx-source" "^7.12.13"
      react-refresh "^0.9.0"
  
  ansi-styles@^3.2.1:
    version "3.2.1"
    resolved "https://registry.nlark.com/ansi-styles/download/ansi-styles-3.2.1.tgz?cache=0&sync_timestamp=1618995547052&other_urls=https%3A%2F%2Fregistry.nlark.com%2Fansi-styles%2Fdownload%2Fansi-styles-3.2.1.tgz#41fbb20243e50b12be0f04b8dedbf07520ce841d"
    dependencies:
      color-convert "^1.9.0"
  
  antd@^4.4.2:
    version "4.15.4"
    resolved "https://registry.nlark.com/antd/download/antd-4.15.4.tgz#43d0a2d821412f5765dc5eec765c817effcae79d"
    dependencies:
      "@ant-design/colors" "^6.0.0"
      "@ant-design/icons" "^4.6.2"
      "@ant-design/react-slick" "~0.28.1"
      "@babel/runtime" "^7.12.5"
      array-tree-filter "^2.1.0"
      classnames "^2.2.6"
      copy-to-clipboard "^3.2.0"
      lodash "^4.17.21"
      moment "^2.25.3"
      rc-cascader "~1.4.0"
      rc-checkbox "~2.3.0"
      rc-collapse "~3.1.0"
      rc-dialog "~8.5.1"
      rc-drawer "~4.3.0"
      rc-dropdown "~3.2.0"
      rc-field-form "~1.20.0"
      rc-image "~5.2.4"
      rc-input-number "~7.1.0"
      rc-mentions "~1.5.0"
      rc-menu "~8.10.0"
      rc-motion "^2.4.0"
      rc-notification "~4.5.2"
      rc-pagination "~3.1.6"
      rc-picker "~2.5.10"
      rc-progress "~3.1.0"
      rc-rate "~2.9.0"
      rc-resize-observer "^1.0.0"
      rc-select "~12.1.6"
      rc-slider "~9.7.1"
      rc-steps "~4.1.0"
      rc-switch "~3.2.0"
      rc-table "~7.13.0"
      rc-tabs "~11.7.0"
      rc-textarea "~0.3.0"
      rc-tooltip "~5.1.0"
      rc-tree "~4.1.0"
      rc-tree-select "~4.3.0"
      rc-trigger "^5.2.1"
      rc-upload "~4.2.0-alpha.0"
      rc-util "^5.9.4"
      scroll-into-view-if-needed "^2.2.25"
      warning "^4.0.3"
  
  array-includes@^3.1.2, array-includes@^3.1.3:
    version "3.1.3"
    resolved "https://registry.npm.taobao.org/array-includes/download/array-includes-3.1.3.tgz?cache=0&sync_timestamp=1613858426072&other_urls=https%3A%2F%2Fregistry.npm.taobao.org%2Farray-includes%2Fdownload%2Farray-includes-3.1.3.tgz#c7f619b382ad2afaf5326cddfdc0afc61af7690a"
    dependencies:
      call-bind "^1.0.2"
      define-properties "^1.1.3"
      es-abstract "^1.18.0-next.2"
      get-intrinsic "^1.1.1"
      is-string "^1.0.5"
  
  array-tree-filter@^2.1.0:
    version "2.1.0"
    resolved "https://registry.nlark.com/array-tree-filter/download/array-tree-filter-2.1.0.tgz#873ac00fec83749f255ac8dd083814b4f6329190"
  
  array.prototype.flatmap@^1.2.4:
    version "1.2.4"
    resolved "https://registry.npm.taobao.org/array.prototype.flatmap/download/array.prototype.flatmap-1.2.4.tgz?cache=0&sync_timestamp=1605694574440&other_urls=https%3A%2F%2Fregistry.npm.taobao.org%2Farray.prototype.flatmap%2Fdownload%2Farray.prototype.flatmap-1.2.4.tgz#94cfd47cc1556ec0747d97f7c7738c58122004c9"
    dependencies:
      call-bind "^1.0.0"
      define-properties "^1.1.3"
      es-abstract "^1.18.0-next.1"
      function-bind "^1.1.1"
  
  async-validator@^3.0.3:
    version "3.5.2"
    resolved "https://registry.nlark.com/async-validator/download/async-validator-3.5.2.tgz?cache=0&sync_timestamp=1619755974429&other_urls=https%3A%2F%2Fregistry.nlark.com%2Fasync-validator%2Fdownload%2Fasync-validator-3.5.2.tgz#68e866a96824e8b2694ff7a831c1a25c44d5e500"
  
  axios@^0.21.1:
    version "0.21.1"
    resolved "https://registry.nlark.com/axios/download/axios-0.21.1.tgz?cache=0&sync_timestamp=1618847188301&other_urls=https%3A%2F%2Fregistry.nlark.com%2Faxios%2Fdownload%2Faxios-0.21.1.tgz#22563481962f4d6bde9a76d516ef0e5d3c09b2b8"
    dependencies:
      follow-redirects "^1.10.0"
  
  "babel-plugin-styled-components@>= 1.12.0":
    version "1.12.0"
    resolved "https://registry.npm.taobao.org/babel-plugin-styled-components/download/babel-plugin-styled-components-1.12.0.tgz#1dec1676512177de6b827211e9eda5a30db4f9b9"
    dependencies:
      "@babel/helper-annotate-as-pure" "^7.0.0"
      "@babel/helper-module-imports" "^7.0.0"
      babel-plugin-syntax-jsx "^6.18.0"
      lodash "^4.17.11"
  
  babel-plugin-syntax-jsx@^6.18.0:
    version "6.18.0"
    resolved "https://registry.npm.taobao.org/babel-plugin-syntax-jsx/download/babel-plugin-syntax-jsx-6.18.0.tgz?cache=0&sync_timestamp=1604056498770&other_urls=https%3A%2F%2Fregistry.npm.taobao.org%2Fbabel-plugin-syntax-jsx%2Fdownload%2Fbabel-plugin-syntax-jsx-6.18.0.tgz#0af32a9a6e13ca7a3fd5069e62d7b0f58d0d8946"
  
  balanced-match@^1.0.0:
    version "1.0.2"
    resolved "https://registry.npm.taobao.org/balanced-match/download/balanced-match-1.0.2.tgz?cache=0&other_urls=https%3A%2F%2Fregistry.npm.taobao.org%2Fbalanced-match%2Fdownload%2Fbalanced-match-1.0.2.tgz#e83e3a7e3f300b34cb9d87f615fa0cbf357690ee"
  
  brace-expansion@^1.1.7:
    version "1.1.11"
    resolved "https://registry.npm.taobao.org/brace-expansion/download/brace-expansion-1.1.11.tgz#3c7fcbf529d87226f3d2f52b966ff5271eb441dd"
    dependencies:
      balanced-match "^1.0.0"
      concat-map "0.0.1"
  
  browserslist@^4.14.5:
    version "4.16.6"
    resolved "https://registry.nlark.com/browserslist/download/browserslist-4.16.6.tgz?cache=0&sync_timestamp=1619789101558&other_urls=https%3A%2F%2Fregistry.nlark.com%2Fbrowserslist%2Fdownload%2Fbrowserslist-4.16.6.tgz#d7901277a5a88e554ed305b183ec9b0c08f66fa2"
    dependencies:
      caniuse-lite "^1.0.30001219"
      colorette "^1.2.2"
      electron-to-chromium "^1.3.723"
      escalade "^3.1.1"
      node-releases "^1.1.71"
  
  call-bind@^1.0.0, call-bind@^1.0.2:
    version "1.0.2"
    resolved "https://registry.npm.taobao.org/call-bind/download/call-bind-1.0.2.tgz?cache=0&sync_timestamp=1610402811207&other_urls=https%3A%2F%2Fregistry.npm.taobao.org%2Fcall-bind%2Fdownload%2Fcall-bind-1.0.2.tgz#b1d4e89e688119c3c9a903ad30abb2f6a919be3c"
    dependencies:
      function-bind "^1.1.1"
      get-intrinsic "^1.0.2"
  
  camelize@^1.0.0:
    version "1.0.0"
    resolved "https://registry.npm.taobao.org/camelize/download/camelize-1.0.0.tgz#164a5483e630fa4321e5af07020e531831b2609b"
  
  caniuse-lite@^1.0.30001219:
    version "1.0.30001223"
    resolved "https://registry.nlark.com/caniuse-lite/download/caniuse-lite-1.0.30001223.tgz?cache=0&other_urls=https%3A%2F%2Fregistry.nlark.com%2Fcaniuse-lite%2Fdownload%2Fcaniuse-lite-1.0.30001223.tgz#39b49ff0bfb3ee3587000d2f66c47addc6e14443"
  
  chalk@^2.0.0:
    version "2.4.2"
    resolved "https://registry.nlark.com/chalk/download/chalk-2.4.2.tgz?cache=0&sync_timestamp=1618995354302&other_urls=https%3A%2F%2Fregistry.nlark.com%2Fchalk%2Fdownload%2Fchalk-2.4.2.tgz#cd42541677a54333cf541a49108c1432b44c9424"
    dependencies:
      ansi-styles "^3.2.1"
      escape-string-regexp "^1.0.5"
      supports-color "^5.3.0"
  
  classnames@2.x, classnames@^2.2.1, classnames@^2.2.3, classnames@^2.2.5, classnames@^2.2.6:
    version "2.3.1"
    resolved "https://registry.npm.taobao.org/classnames/download/classnames-2.3.1.tgz?cache=0&sync_timestamp=1617401788995&other_urls=https%3A%2F%2Fregistry.npm.taobao.org%2Fclassnames%2Fdownload%2Fclassnames-2.3.1.tgz#dfcfa3891e306ec1dad105d0e88f4417b8535e8e"
  
  color-convert@^1.9.0:
    version "1.9.3"
    resolved "https://registry.nlark.com/color-convert/download/color-convert-1.9.3.tgz#bb71850690e1f136567de629d2d5471deda4c1e8"
    dependencies:
      color-name "1.1.3"
  
  color-name@1.1.3:
    version "1.1.3"
    resolved "https://registry.npm.taobao.org/color-name/download/color-name-1.1.3.tgz#a7d0558bd89c42f795dd42328f740831ca53bc25"
  
  colorette@^1.2.2:
    version "1.2.2"
    resolved "https://registry.nlark.com/colorette/download/colorette-1.2.2.tgz#cbcc79d5e99caea2dbf10eb3a26fd8b3e6acfa94"
  
  compute-scroll-into-view@^1.0.17:
    version "1.0.17"
    resolved "https://registry.npm.taobao.org/compute-scroll-into-view/download/compute-scroll-into-view-1.0.17.tgz#6a88f18acd9d42e9cf4baa6bec7e0522607ab7ab"
  
  concat-map@0.0.1:
    version "0.0.1"
    resolved "https://registry.nlark.com/concat-map/download/concat-map-0.0.1.tgz#d8a96bd77fd68df7793a73036a3ba0d5405d477b"
  
  convert-source-map@^1.7.0:
    version "1.7.0"
    resolved "https://registry.nlark.com/convert-source-map/download/convert-source-map-1.7.0.tgz?cache=0&other_urls=https%3A%2F%2Fregistry.nlark.com%2Fconvert-source-map%2Fdownload%2Fconvert-source-map-1.7.0.tgz#17a2cb882d7f77d3490585e2ce6c524424a3a442"
    dependencies:
      safe-buffer "~5.1.1"
  
  copy-to-clipboard@^3.2.0:
    version "3.3.1"
    resolved "https://registry.npm.taobao.org/copy-to-clipboard/download/copy-to-clipboard-3.3.1.tgz#115aa1a9998ffab6196f93076ad6da3b913662ae"
    dependencies:
      toggle-selection "^1.0.6"
  
  countup.js@^1.9.3:
    version "1.9.3"
    resolved "https://registry.npm.taobao.org/countup.js/download/countup.js-1.9.3.tgz#ce3e50cd7160441e478f07da31895edcc0f1c9dd"
  
  css-color-keywords@^1.0.0:
    version "1.0.0"
    resolved "https://registry.npm.taobao.org/css-color-keywords/download/css-color-keywords-1.0.0.tgz#fea2616dc676b2962686b3af8dbdbe180b244e05"
  
  css-to-react-native@^3.0.0:
    version "3.0.0"
    resolved "https://registry.npm.taobao.org/css-to-react-native/download/css-to-react-native-3.0.0.tgz#62dbe678072a824a689bcfee011fc96e02a7d756"
    dependencies:
      camelize "^1.0.0"
      css-color-keywords "^1.0.0"
      postcss-value-parser "^4.0.2"
  
  csstype@^3.0.2:
    version "3.0.8"
    resolved "https://registry.nlark.com/csstype/download/csstype-3.0.8.tgz?cache=0&sync_timestamp=1618818778879&other_urls=https%3A%2F%2Fregistry.nlark.com%2Fcsstype%2Fdownload%2Fcsstype-3.0.8.tgz#d2266a792729fb227cd216fb572f43728e1ad340"
  
  date-fns@^2.15.0:
    version "2.21.3"
    resolved "https://registry.nlark.com/date-fns/download/date-fns-2.21.3.tgz?cache=0&sync_timestamp=1620447266592&other_urls=https%3A%2F%2Fregistry.nlark.com%2Fdate-fns%2Fdownload%2Fdate-fns-2.21.3.tgz#8f5f6889d7a96bbcc1f0ea50239b397a83357f9b"
  
  debug@^4.1.0, debug@^4.1.1:
    version "4.3.1"
    resolved "https://registry.npm.taobao.org/debug/download/debug-4.3.1.tgz#f0d229c505e0c6d8c49ac553d1b13dc183f6b2ee"
    dependencies:
      ms "2.1.2"
  
  define-properties@^1.1.3:
    version "1.1.3"
    resolved "https://registry.npm.taobao.org/define-properties/download/define-properties-1.1.3.tgz#cf88da6cbee26fe6db7094f61d870cbd84cee9f1"
    dependencies:
      object-keys "^1.0.12"
  
  doctrine@^2.1.0:
    version "2.1.0"
    resolved "https://registry.npm.taobao.org/doctrine/download/doctrine-2.1.0.tgz#5cd01fc101621b42c4cd7f5d1a66243716d3f39d"
    dependencies:
      esutils "^2.0.2"
  
  dom-align@^1.7.0:
    version "1.12.1"
    resolved "https://registry.nlark.com/dom-align/download/dom-align-1.12.1.tgz#aedbc2c312983b46ea6b7a4d636617336a490ee9"
  
  electron-to-chromium@^1.3.723:
    version "1.3.727"
    resolved "https://registry.nlark.com/electron-to-chromium/download/electron-to-chromium-1.3.727.tgz#857e310ca00f0b75da4e1db6ff0e073cc4a91ddf"
  
  es-abstract@^1.18.0-next.1, es-abstract@^1.18.0-next.2:
    version "1.18.0"
    resolved "https://registry.npm.taobao.org/es-abstract/download/es-abstract-1.18.0.tgz?cache=0&sync_timestamp=1614814465007&other_urls=https%3A%2F%2Fregistry.npm.taobao.org%2Fes-abstract%2Fdownload%2Fes-abstract-1.18.0.tgz#ab80b359eecb7ede4c298000390bc5ac3ec7b5a4"
    dependencies:
      call-bind "^1.0.2"
      es-to-primitive "^1.2.1"
      function-bind "^1.1.1"
      get-intrinsic "^1.1.1"
      has "^1.0.3"
      has-symbols "^1.0.2"
      is-callable "^1.2.3"
      is-negative-zero "^2.0.1"
      is-regex "^1.1.2"
      is-string "^1.0.5"
      object-inspect "^1.9.0"
      object-keys "^1.1.1"
      object.assign "^4.1.2"
      string.prototype.trimend "^1.0.4"
      string.prototype.trimstart "^1.0.4"
      unbox-primitive "^1.0.0"
  
  es-to-primitive@^1.2.1:
    version "1.2.1"
    resolved "https://registry.npm.taobao.org/es-to-primitive/download/es-to-primitive-1.2.1.tgz#e55cd4c9cdc188bcefb03b366c736323fc5c898a"
    dependencies:
      is-callable "^1.1.4"
      is-date-object "^1.0.1"
      is-symbol "^1.0.2"
  
  esbuild@^0.9.3:
    version "0.9.7"
    resolved "https://registry.nlark.com/esbuild/download/esbuild-0.9.7.tgz#ea0d639cbe4b88ec25fbed4d6ff00c8d788ef70b"
  
  escalade@^3.1.1:
    version "3.1.1"
    resolved "https://registry.npm.taobao.org/escalade/download/escalade-3.1.1.tgz#d8cfdc7000965c5a0174b4a82eaa5c0552742e40"
  
  escape-string-regexp@^1.0.5:
    version "1.0.5"
    resolved "https://registry.nlark.com/escape-string-regexp/download/escape-string-regexp-1.0.5.tgz#1b61c0562190a8dff6ae3bb2cf0200ca130b86d4"
  
  eslint-config-alloy@^3.7.4:
    version "3.10.0"
    resolved "https://registry.nlark.com/eslint-config-alloy/download/eslint-config-alloy-3.10.0.tgz#b2d85ba3bd7dddcc6d7fc79088c192a646f4f246"
  
  eslint-plugin-react@^7.20.5:
    version "7.23.2"
    resolved "https://registry.npm.taobao.org/eslint-plugin-react/download/eslint-plugin-react-7.23.2.tgz#2d2291b0f95c03728b55869f01102290e792d494"
    dependencies:
      array-includes "^3.1.3"
      array.prototype.flatmap "^1.2.4"
      doctrine "^2.1.0"
      has "^1.0.3"
      jsx-ast-utils "^2.4.1 || ^3.0.0"
      minimatch "^3.0.4"
      object.entries "^1.1.3"
      object.fromentries "^2.0.4"
      object.values "^1.1.3"
      prop-types "^15.7.2"
      resolve "^2.0.0-next.3"
      string.prototype.matchall "^4.0.4"
  
  eslint-scope@^5.0.0:
    version "5.1.1"
    resolved "https://registry.npm.taobao.org/eslint-scope/download/eslint-scope-5.1.1.tgz#e786e59a66cb92b3f6c1fb0d508aab174848f48c"
    dependencies:
      esrecurse "^4.3.0"
      estraverse "^4.1.1"
  
  eslint-utils@^2.0.0:
    version "2.1.0"
    resolved "https://registry.npm.taobao.org/eslint-utils/download/eslint-utils-2.1.0.tgz#d2de5e03424e707dc10c74068ddedae708741b27"
    dependencies:
      eslint-visitor-keys "^1.1.0"
  
  eslint-visitor-keys@^1.1.0:
    version "1.3.0"
    resolved "https://registry.nlark.com/eslint-visitor-keys/download/eslint-visitor-keys-1.3.0.tgz?cache=0&sync_timestamp=1620088752356&other_urls=https%3A%2F%2Fregistry.nlark.com%2Feslint-visitor-keys%2Fdownload%2Feslint-visitor-keys-1.3.0.tgz#30ebd1ef7c2fdff01c3a4f151044af25fab0523e"
  
  esrecurse@^4.3.0:
    version "4.3.0"
    resolved "https://registry.npm.taobao.org/esrecurse/download/esrecurse-4.3.0.tgz#7ad7964d679abb28bee72cec63758b1c5d2c9921"
    dependencies:
      estraverse "^5.2.0"
  
  estraverse@^4.1.1:
    version "4.3.0"
    resolved "https://registry.nlark.com/estraverse/download/estraverse-4.3.0.tgz?cache=0&other_urls=https%3A%2F%2Fregistry.nlark.com%2Festraverse%2Fdownload%2Festraverse-4.3.0.tgz#398ad3f3c5a24948be7725e83d11a7de28cdbd1d"
  
  estraverse@^5.2.0:
    version "5.2.0"
    resolved "https://registry.nlark.com/estraverse/download/estraverse-5.2.0.tgz?cache=0&other_urls=https%3A%2F%2Fregistry.nlark.com%2Festraverse%2Fdownload%2Festraverse-5.2.0.tgz#307df42547e6cc7324d3cf03c155d5cdb8c53880"
  
  esutils@^2.0.2:
    version "2.0.3"
    resolved "https://registry.npm.taobao.org/esutils/download/esutils-2.0.3.tgz#74d2eb4de0b8da1293711910d50775b9b710ef64"
  
  follow-redirects@^1.10.0:
    version "1.14.1"
    resolved "https://registry.nlark.com/follow-redirects/download/follow-redirects-1.14.1.tgz?cache=0&sync_timestamp=1620555234886&other_urls=https%3A%2F%2Fregistry.nlark.com%2Ffollow-redirects%2Fdownload%2Ffollow-redirects-1.14.1.tgz#d9114ded0a1cfdd334e164e6662ad02bfd91ff43"
  
  fs.realpath@^1.0.0:
    version "1.0.0"
    resolved "https://registry.nlark.com/fs.realpath/download/fs.realpath-1.0.0.tgz#1504ad2523158caa40db4a2787cb01411994ea4f"
  
  fsevents@~2.3.1:
    version "2.3.2"
    resolved "https://registry.nlark.com/fsevents/download/fsevents-2.3.2.tgz#8a526f78b8fdf4623b709e0b975c52c24c02fd1a"
  
  function-bind@^1.1.1:
    version "1.1.1"
    resolved "https://registry.nlark.com/function-bind/download/function-bind-1.1.1.tgz#a56899d3ea3c9bab874bb9773b7c5ede92f4895d"
  
  functional-red-black-tree@^1.0.1:
    version "1.0.1"
    resolved "https://registry.nlark.com/functional-red-black-tree/download/functional-red-black-tree-1.0.1.tgz?cache=0&sync_timestamp=1618847182644&other_urls=https%3A%2F%2Fregistry.nlark.com%2Ffunctional-red-black-tree%2Fdownload%2Ffunctional-red-black-tree-1.0.1.tgz#1b0ab3bd553b2a0d6399d29c0e3ea0b252078327"
  
  gensync@^1.0.0-beta.2:
    version "1.0.0-beta.2"
    resolved "https://registry.npm.taobao.org/gensync/download/gensync-1.0.0-beta.2.tgz#32a6ee76c3d7f52d46b2b1ae5d93fea8580a25e0"
  
  get-intrinsic@^1.0.2, get-intrinsic@^1.1.0, get-intrinsic@^1.1.1:
    version "1.1.1"
    resolved "https://registry.nlark.com/get-intrinsic/download/get-intrinsic-1.1.1.tgz#15f59f376f855c446963948f0d24cd3637b4abc6"
    dependencies:
      function-bind "^1.1.1"
      has "^1.0.3"
      has-symbols "^1.0.1"
  
  glob@^7.1.6:
    version "7.1.7"
    resolved "https://registry.nlark.com/glob/download/glob-7.1.7.tgz?cache=0&sync_timestamp=1620337498129&other_urls=https%3A%2F%2Fregistry.nlark.com%2Fglob%2Fdownload%2Fglob-7.1.7.tgz#3b193e9233f01d42d0b3f78294bbeeb418f94a90"
    dependencies:
      fs.realpath "^1.0.0"
      inflight "^1.0.4"
      inherits "2"
      minimatch "^3.0.4"
      once "^1.3.0"
      path-is-absolute "^1.0.0"
  
  globals@^11.1.0:
    version "11.12.0"
    resolved "https://registry.npm.taobao.org/globals/download/globals-11.12.0.tgz#ab8795338868a0babd8525758018c2a7eb95c42e"
  
  has-bigints@^1.0.1:
    version "1.0.1"
    resolved "https://registry.npm.taobao.org/has-bigints/download/has-bigints-1.0.1.tgz?cache=0&sync_timestamp=1615461293395&other_urls=https%3A%2F%2Fregistry.npm.taobao.org%2Fhas-bigints%2Fdownload%2Fhas-bigints-1.0.1.tgz#64fe6acb020673e3b78db035a5af69aa9d07b113"
  
  has-flag@^3.0.0:
    version "3.0.0"
    resolved "https://registry.npm.taobao.org/has-flag/download/has-flag-3.0.0.tgz?cache=0&other_urls=https%3A%2F%2Fregistry.npm.taobao.org%2Fhas-flag%2Fdownload%2Fhas-flag-3.0.0.tgz#b5d454dc2199ae225699f3467e5a07f3b955bafd"
  
  has-symbols@^1.0.1, has-symbols@^1.0.2:
    version "1.0.2"
    resolved "https://registry.nlark.com/has-symbols/download/has-symbols-1.0.2.tgz#165d3070c00309752a1236a479331e3ac56f1423"
  
  has@^1.0.3:
    version "1.0.3"
    resolved "https://registry.npm.taobao.org/has/download/has-1.0.3.tgz#722d7cbfc1f6aa8241f16dd814e011e1f41e8796"
    dependencies:
      function-bind "^1.1.1"
  
  hoist-non-react-statics@^3.0.0, hoist-non-react-statics@^3.3.0, hoist-non-react-statics@^3.3.2:
    version "3.3.2"
    resolved "https://registry.npm.taobao.org/hoist-non-react-statics/download/hoist-non-react-statics-3.3.2.tgz#ece0acaf71d62c2969c2ec59feff42a4b1a85b45"
    dependencies:
      react-is "^16.7.0"
  
  inflight@^1.0.4:
    version "1.0.6"
    resolved "https://registry.nlark.com/inflight/download/inflight-1.0.6.tgz#49bd6331d7d02d0c09bc910a1075ba8165b56df9"
    dependencies:
      once "^1.3.0"
      wrappy "1"
  
  inherits@2:
    version "2.0.4"
    resolved "https://registry.npm.taobao.org/inherits/download/inherits-2.0.4.tgz#0fa2c64f932917c3433a0ded55363aae37416b7c"
  
  internal-slot@^1.0.3:
    version "1.0.3"
    resolved "https://registry.npm.taobao.org/internal-slot/download/internal-slot-1.0.3.tgz#7347e307deeea2faac2ac6205d4bc7d34967f59c"
    dependencies:
      get-intrinsic "^1.1.0"
      has "^1.0.3"
      side-channel "^1.0.4"
  
  is-bigint@^1.0.1:
    version "1.0.2"
    resolved "https://registry.nlark.com/is-bigint/download/is-bigint-1.0.2.tgz?cache=0&sync_timestamp=1620161578872&other_urls=https%3A%2F%2Fregistry.nlark.com%2Fis-bigint%2Fdownload%2Fis-bigint-1.0.2.tgz#ffb381442503235ad245ea89e45b3dbff040ee5a"
  
  is-boolean-object@^1.1.0:
    version "1.1.1"
    resolved "https://registry.nlark.com/is-boolean-object/download/is-boolean-object-1.1.1.tgz?cache=0&sync_timestamp=1620428521406&other_urls=https%3A%2F%2Fregistry.nlark.com%2Fis-boolean-object%2Fdownload%2Fis-boolean-object-1.1.1.tgz#3c0878f035cb821228d350d2e1e36719716a3de8"
    dependencies:
      call-bind "^1.0.2"
  
  is-callable@^1.1.4, is-callable@^1.2.3:
    version "1.2.3"
    resolved "https://registry.npm.taobao.org/is-callable/download/is-callable-1.2.3.tgz?cache=0&sync_timestamp=1612132958731&other_urls=https%3A%2F%2Fregistry.npm.taobao.org%2Fis-callable%2Fdownload%2Fis-callable-1.2.3.tgz#8b1e0500b73a1d76c70487636f368e519de8db8e"
  
  is-core-module@^2.2.0:
    version "2.3.0"
    resolved "https://registry.nlark.com/is-core-module/download/is-core-module-2.3.0.tgz#d341652e3408bca69c4671b79a0954a3d349f887"
    dependencies:
      has "^1.0.3"
  
  is-date-object@^1.0.1:
    version "1.0.4"
    resolved "https://registry.nlark.com/is-date-object/download/is-date-object-1.0.4.tgz?cache=0&sync_timestamp=1620451552940&other_urls=https%3A%2F%2Fregistry.nlark.com%2Fis-date-object%2Fdownload%2Fis-date-object-1.0.4.tgz#550cfcc03afada05eea3dd30981c7b09551f73e5"
  
  is-extglob@^2.1.1:
    version "2.1.1"
    resolved "https://registry.npm.taobao.org/is-extglob/download/is-extglob-2.1.1.tgz#a88c02535791f02ed37c76a1b9ea9773c833f8c2"
  
  is-glob@^4.0.1:
    version "4.0.1"
    resolved "https://registry.nlark.com/is-glob/download/is-glob-4.0.1.tgz#7567dbe9f2f5e2467bc77ab83c4a29482407a5dc"
    dependencies:
      is-extglob "^2.1.1"
  
  is-negative-zero@^2.0.1:
    version "2.0.1"
    resolved "https://registry.npm.taobao.org/is-negative-zero/download/is-negative-zero-2.0.1.tgz?cache=0&sync_timestamp=1607123324574&other_urls=https%3A%2F%2Fregistry.npm.taobao.org%2Fis-negative-zero%2Fdownload%2Fis-negative-zero-2.0.1.tgz#3de746c18dda2319241a53675908d8f766f11c24"
  
  is-number-object@^1.0.4:
    version "1.0.5"
    resolved "https://registry.nlark.com/is-number-object/download/is-number-object-1.0.5.tgz?cache=0&sync_timestamp=1620421575334&other_urls=https%3A%2F%2Fregistry.nlark.com%2Fis-number-object%2Fdownload%2Fis-number-object-1.0.5.tgz#6edfaeed7950cff19afedce9fbfca9ee6dd289eb"
  
  is-regex@^1.1.2:
    version "1.1.3"
    resolved "https://registry.nlark.com/is-regex/download/is-regex-1.1.3.tgz?cache=0&other_urls=https%3A%2F%2Fregistry.nlark.com%2Fis-regex%2Fdownload%2Fis-regex-1.1.3.tgz#d029f9aff6448b93ebbe3f33dac71511fdcbef9f"
    dependencies:
      call-bind "^1.0.2"
      has-symbols "^1.0.2"
  
  is-string@^1.0.5:
    version "1.0.6"
    resolved "https://registry.nlark.com/is-string/download/is-string-1.0.6.tgz?cache=0&sync_timestamp=1620448765078&other_urls=https%3A%2F%2Fregistry.nlark.com%2Fis-string%2Fdownload%2Fis-string-1.0.6.tgz#3fe5d5992fb0d93404f32584d4b0179a71b54a5f"
  
  is-symbol@^1.0.2, is-symbol@^1.0.3:
    version "1.0.4"
    resolved "https://registry.nlark.com/is-symbol/download/is-symbol-1.0.4.tgz?cache=0&sync_timestamp=1620502244179&other_urls=https%3A%2F%2Fregistry.nlark.com%2Fis-symbol%2Fdownload%2Fis-symbol-1.0.4.tgz#a6dac93b635b063ca6872236de88910a57af139c"
    dependencies:
      has-symbols "^1.0.2"
  
  "js-tokens@^3.0.0 || ^4.0.0", js-tokens@^4.0.0:
    version "4.0.0"
    resolved "https://registry.nlark.com/js-tokens/download/js-tokens-4.0.0.tgz?cache=0&sync_timestamp=1619345098261&other_urls=https%3A%2F%2Fregistry.nlark.com%2Fjs-tokens%2Fdownload%2Fjs-tokens-4.0.0.tgz#19203fb59991df98e3a287050d4647cdeaf32499"
  
  jsesc@^2.5.1:
    version "2.5.2"
    resolved "https://registry.npm.taobao.org/jsesc/download/jsesc-2.5.2.tgz?cache=0&sync_timestamp=1603891175833&other_urls=https%3A%2F%2Fregistry.npm.taobao.org%2Fjsesc%2Fdownload%2Fjsesc-2.5.2.tgz#80564d2e483dacf6e8ef209650a67df3f0c283a4"
  
  json2mq@^0.2.0:
    version "0.2.0"
    resolved "https://registry.npm.taobao.org/json2mq/download/json2mq-0.2.0.tgz#b637bd3ba9eabe122c83e9720483aeb10d2c904a"
    dependencies:
      string-convert "^0.2.0"
  
  json5@^2.1.2:
    version "2.2.0"
    resolved "https://registry.nlark.com/json5/download/json5-2.2.0.tgz#2dfefe720c6ba525d9ebd909950f0515316c89a3"
    dependencies:
      minimist "^1.2.5"
  
  "jsx-ast-utils@^2.4.1 || ^3.0.0":
    version "3.2.0"
    resolved "https://registry.npm.taobao.org/jsx-ast-utils/download/jsx-ast-utils-3.2.0.tgz#41108d2cec408c3453c1bbe8a4aae9e1e2bd8f82"
    dependencies:
      array-includes "^3.1.2"
      object.assign "^4.1.2"
  
  lodash@^4.17.11, lodash@^4.17.15, lodash@^4.17.19, lodash@^4.17.21:
    version "4.17.21"
    resolved "https://registry.npm.taobao.org/lodash/download/lodash-4.17.21.tgz#679591c564c3bffaae8454cf0b3df370c3d6911c"
  
  loose-envify@^1.0.0, loose-envify@^1.1.0, loose-envify@^1.4.0:
    version "1.4.0"
    resolved "https://registry.nlark.com/loose-envify/download/loose-envify-1.4.0.tgz#71ee51fa7be4caec1a63839f7e682d8132d30caf"
    dependencies:
      js-tokens "^3.0.0 || ^4.0.0"
  
  lru-cache@^6.0.0:
    version "6.0.0"
    resolved "https://registry.nlark.com/lru-cache/download/lru-cache-6.0.0.tgz#6d6fe6570ebd96aaf90fcad1dafa3b2566db3a94"
    dependencies:
      yallist "^4.0.0"
  
  mini-store@^3.0.1:
    version "3.0.6"
    resolved "https://registry.npm.taobao.org/mini-store/download/mini-store-3.0.6.tgz?cache=0&sync_timestamp=1596178866841&other_urls=https%3A%2F%2Fregistry.npm.taobao.org%2Fmini-store%2Fdownload%2Fmini-store-3.0.6.tgz#44b86be5b2877271224ce0689b3a35a2dffb1ca9"
    dependencies:
      hoist-non-react-statics "^3.3.2"
      shallowequal "^1.0.2"
  
  minimatch@^3.0.4:
    version "3.0.4"
    resolved "https://registry.nlark.com/minimatch/download/minimatch-3.0.4.tgz?cache=0&sync_timestamp=1618847146823&other_urls=https%3A%2F%2Fregistry.nlark.com%2Fminimatch%2Fdownload%2Fminimatch-3.0.4.tgz#5166e286457f03306064be5497e8dbb0c3d32083"
    dependencies:
      brace-expansion "^1.1.7"
  
  minimist@^1.2.5:
    version "1.2.5"
    resolved "https://registry.npm.taobao.org/minimist/download/minimist-1.2.5.tgz#67d66014b66a6a8aaa0c083c5fd58df4e4e97602"
  
  moment@^2.24.0, moment@^2.25.3:
    version "2.29.1"
    resolved "https://registry.npm.taobao.org/moment/download/moment-2.29.1.tgz#b2be769fa31940be9eeea6469c075e35006fa3d3"
  
  ms@2.1.2:
    version "2.1.2"
    resolved "https://registry.npm.taobao.org/ms/download/ms-2.1.2.tgz?cache=0&sync_timestamp=1607433912031&other_urls=https%3A%2F%2Fregistry.npm.taobao.org%2Fms%2Fdownload%2Fms-2.1.2.tgz#d09d1f357b443f493382a8eb3ccd183872ae6009"
  
  nanoid@^3.1.22:
    version "3.1.22"
    resolved "https://registry.npm.taobao.org/nanoid/download/nanoid-3.1.22.tgz#b35f8fb7d151990a8aebd5aa5015c03cf726f844"
  
  node-releases@^1.1.71:
    version "1.1.71"
    resolved "https://registry.npm.taobao.org/node-releases/download/node-releases-1.1.71.tgz?cache=0&sync_timestamp=1614113881684&other_urls=https%3A%2F%2Fregistry.npm.taobao.org%2Fnode-releases%2Fdownload%2Fnode-releases-1.1.71.tgz#cb1334b179896b1c89ecfdd4b725fb7bbdfc7dbb"
  
  object-assign@^4.1.1:
    version "4.1.1"
    resolved "https://registry.nlark.com/object-assign/download/object-assign-4.1.1.tgz?cache=0&sync_timestamp=1618847148862&other_urls=https%3A%2F%2Fregistry.nlark.com%2Fobject-assign%2Fdownload%2Fobject-assign-4.1.1.tgz#2109adc7965887cfc05cbbd442cac8bfbb360863"
  
  object-inspect@^1.9.0:
    version "1.10.3"
    resolved "https://registry.nlark.com/object-inspect/download/object-inspect-1.10.3.tgz?cache=0&sync_timestamp=1620446150016&other_urls=https%3A%2F%2Fregistry.nlark.com%2Fobject-inspect%2Fdownload%2Fobject-inspect-1.10.3.tgz#c2aa7d2d09f50c99375704f7a0adf24c5782d369"
  
  object-keys@^1.0.12, object-keys@^1.1.1:
    version "1.1.1"
    resolved "https://registry.npm.taobao.org/object-keys/download/object-keys-1.1.1.tgz#1c47f272df277f3b1daf061677d9c82e2322c60e"
  
  object.assign@^4.1.2:
    version "4.1.2"
    resolved "https://registry.npm.taobao.org/object.assign/download/object.assign-4.1.2.tgz?cache=0&sync_timestamp=1604115131746&other_urls=https%3A%2F%2Fregistry.npm.taobao.org%2Fobject.assign%2Fdownload%2Fobject.assign-4.1.2.tgz#0ed54a342eceb37b38ff76eb831a0e788cb63940"
    dependencies:
      call-bind "^1.0.0"
      define-properties "^1.1.3"
      has-symbols "^1.0.1"
      object-keys "^1.1.1"
  
  object.entries@^1.1.3:
    version "1.1.3"
    resolved "https://registry.npm.taobao.org/object.entries/download/object.entries-1.1.3.tgz#c601c7f168b62374541a07ddbd3e2d5e4f7711a6"
    dependencies:
      call-bind "^1.0.0"
      define-properties "^1.1.3"
      es-abstract "^1.18.0-next.1"
      has "^1.0.3"
  
  object.fromentries@^2.0.4:
    version "2.0.4"
    resolved "https://registry.npm.taobao.org/object.fromentries/download/object.fromentries-2.0.4.tgz#26e1ba5c4571c5c6f0890cef4473066456a120b8"
    dependencies:
      call-bind "^1.0.2"
      define-properties "^1.1.3"
      es-abstract "^1.18.0-next.2"
      has "^1.0.3"
  
  object.values@^1.1.3:
    version "1.1.3"
    resolved "https://registry.npm.taobao.org/object.values/download/object.values-1.1.3.tgz#eaa8b1e17589f02f698db093f7c62ee1699742ee"
    dependencies:
      call-bind "^1.0.2"
      define-properties "^1.1.3"
      es-abstract "^1.18.0-next.2"
      has "^1.0.3"
  
  once@^1.3.0:
    version "1.4.0"
    resolved "https://registry.nlark.com/once/download/once-1.4.0.tgz#583b1aa775961d4b113ac17d9c50baef9dd76bd1"
    dependencies:
      wrappy "1"
  
  path-is-absolute@^1.0.0:
    version "1.0.1"
    resolved "https://registry.npm.taobao.org/path-is-absolute/download/path-is-absolute-1.0.1.tgz#174b9268735534ffbc7ace6bf53a5a9e1b5c5f5f"
  
  path-parse@^1.0.6:
    version "1.0.6"
    resolved "https://registry.npm.taobao.org/path-parse/download/path-parse-1.0.6.tgz#d62dbb5679405d72c4737ec58600e9ddcf06d24c"
  
  postcss-value-parser@^4.0.2:
    version "4.1.0"
    resolved "https://registry.npm.taobao.org/postcss-value-parser/download/postcss-value-parser-4.1.0.tgz#443f6a20ced6481a2bda4fa8532a6e55d789a2cb"
  
  postcss@^8.2.1:
    version "8.2.14"
    resolved "https://registry.nlark.com/postcss/download/postcss-8.2.14.tgz?cache=0&sync_timestamp=1620243837119&other_urls=https%3A%2F%2Fregistry.nlark.com%2Fpostcss%2Fdownload%2Fpostcss-8.2.14.tgz#dcf313eb8247b3ce8078d048c0e8262ca565ad2b"
    dependencies:
      colorette "^1.2.2"
      nanoid "^3.1.22"
      source-map "^0.6.1"
  
  prop-types@^15.7.2:
    version "15.7.2"
    resolved "https://registry.npm.taobao.org/prop-types/download/prop-types-15.7.2.tgz#52c41e75b8c87e72b9d9360e0206b99dcbffa6c5"
    dependencies:
      loose-envify "^1.4.0"
      object-assign "^4.1.1"
      react-is "^16.8.1"
  
  rc-align@^4.0.0:
    version "4.0.9"
    resolved "https://registry.npm.taobao.org/rc-align/download/rc-align-4.0.9.tgz?cache=0&sync_timestamp=1604568297783&other_urls=https%3A%2F%2Fregistry.npm.taobao.org%2Frc-align%2Fdownload%2Frc-align-4.0.9.tgz#46d8801c4a139ff6a65ad1674e8efceac98f85f2"
    dependencies:
      "@babel/runtime" "^7.10.1"
      classnames "2.x"
      dom-align "^1.7.0"
      rc-util "^5.3.0"
      resize-observer-polyfill "^1.5.1"
  
  rc-cascader@~1.4.0:
    version "1.4.2"
    resolved "https://registry.npm.taobao.org/rc-cascader/download/rc-cascader-1.4.2.tgz?cache=0&sync_timestamp=1610107267313&other_urls=https%3A%2F%2Fregistry.npm.taobao.org%2Frc-cascader%2Fdownload%2Frc-cascader-1.4.2.tgz#caa81098e3ef4d5f823f9156f6d8d6dbd6321afa"
    dependencies:
      "@babel/runtime" "^7.12.5"
      array-tree-filter "^2.1.0"
      rc-trigger "^5.0.4"
      rc-util "^5.0.1"
      warning "^4.0.1"
  
  rc-checkbox@~2.3.0:
    version "2.3.2"
    resolved "https://registry.npm.taobao.org/rc-checkbox/download/rc-checkbox-2.3.2.tgz?cache=0&sync_timestamp=1607402984495&other_urls=https%3A%2F%2Fregistry.npm.taobao.org%2Frc-checkbox%2Fdownload%2Frc-checkbox-2.3.2.tgz#f91b3678c7edb2baa8121c9483c664fa6f0aefc1"
    dependencies:
      "@babel/runtime" "^7.10.1"
      classnames "^2.2.1"
  
  rc-collapse@~3.1.0:
    version "3.1.0"
    resolved "https://registry.npm.taobao.org/rc-collapse/download/rc-collapse-3.1.0.tgz?cache=0&sync_timestamp=1606217090642&other_urls=https%3A%2F%2Fregistry.npm.taobao.org%2Frc-collapse%2Fdownload%2Frc-collapse-3.1.0.tgz#4ce5e612568c5fbeaf368cc39214471c1461a1a1"
    dependencies:
      "@babel/runtime" "^7.10.1"
      classnames "2.x"
      rc-motion "^2.3.4"
      rc-util "^5.2.1"
      shallowequal "^1.1.0"
  
  rc-dialog@~8.5.0, rc-dialog@~8.5.1:
    version "8.5.2"
    resolved "https://registry.npm.taobao.org/rc-dialog/download/rc-dialog-8.5.2.tgz#530e289c25a31c15c85a0e8a4ba3f33414bff418"
    dependencies:
      "@babel/runtime" "^7.10.1"
      classnames "^2.2.6"
      rc-motion "^2.3.0"
      rc-util "^5.6.1"
  
  rc-drawer@~4.3.0:
    version "4.3.1"
    resolved "https://registry.npm.taobao.org/rc-drawer/download/rc-drawer-4.3.1.tgz#356333a7af01b777abd685c96c2ce62efb44f3f3"
    dependencies:
      "@babel/runtime" "^7.10.1"
      classnames "^2.2.6"
      rc-util "^5.7.0"
  
  rc-dropdown@^3.1.3, rc-dropdown@~3.2.0:
    version "3.2.0"
    resolved "https://registry.npm.taobao.org/rc-dropdown/download/rc-dropdown-3.2.0.tgz?cache=0&sync_timestamp=1600332779520&other_urls=https%3A%2F%2Fregistry.npm.taobao.org%2Frc-dropdown%2Fdownload%2Frc-dropdown-3.2.0.tgz#da6c2ada403842baee3a9e909a0b1a91ba3e1090"
    dependencies:
      "@babel/runtime" "^7.10.1"
      classnames "^2.2.6"
      rc-trigger "^5.0.4"
  
  rc-field-form@~1.20.0:
    version "1.20.0"
    resolved "https://registry.npm.taobao.org/rc-field-form/download/rc-field-form-1.20.0.tgz?cache=0&sync_timestamp=1615543118228&other_urls=https%3A%2F%2Fregistry.npm.taobao.org%2Frc-field-form%2Fdownload%2Frc-field-form-1.20.0.tgz#2201092095429f7f020825462835c4086d2baf16"
    dependencies:
      "@babel/runtime" "^7.8.4"
      async-validator "^3.0.3"
      rc-util "^5.8.0"
  
  rc-image@~5.2.4:
    version "5.2.4"
    resolved "https://registry.npm.taobao.org/rc-image/download/rc-image-5.2.4.tgz?cache=0&sync_timestamp=1616050462632&other_urls=https%3A%2F%2Fregistry.npm.taobao.org%2Frc-image%2Fdownload%2Frc-image-5.2.4.tgz#ff1059f937bde6ca918c6f1beb316beba911f255"
    dependencies:
      "@babel/runtime" "^7.11.2"
      classnames "^2.2.6"
      rc-dialog "~8.5.0"
      rc-util "^5.0.6"
  
  rc-input-number@~7.1.0:
    version "7.1.0"
    resolved "https://registry.nlark.com/rc-input-number/download/rc-input-number-7.1.0.tgz#fd5f7f00d7e6c2761cf1eaf025bddb2bb522d4a6"
    dependencies:
      "@babel/runtime" "^7.10.1"
      classnames "^2.2.5"
      rc-util "^5.9.8"
  
  rc-mentions@~1.5.0:
    version "1.5.3"
    resolved "https://registry.nlark.com/rc-mentions/download/rc-mentions-1.5.3.tgz?cache=0&sync_timestamp=1620445462629&other_urls=https%3A%2F%2Fregistry.nlark.com%2Frc-mentions%2Fdownload%2Frc-mentions-1.5.3.tgz#b92bebadf8ad9fb3586ba1af922d63b49d991c67"
    dependencies:
      "@babel/runtime" "^7.10.1"
      classnames "^2.2.6"
      rc-menu "^8.0.1"
      rc-textarea "^0.3.0"
      rc-trigger "^5.0.4"
      rc-util "^5.0.1"
  
  rc-menu@^8.0.1, rc-menu@^8.6.1, rc-menu@~8.10.0:
    version "8.10.7"
    resolved "https://registry.nlark.com/rc-menu/download/rc-menu-8.10.7.tgz?cache=0&sync_timestamp=1620390309365&other_urls=https%3A%2F%2Fregistry.nlark.com%2Frc-menu%2Fdownload%2Frc-menu-8.10.7.tgz#8ea2d2c27137f77a8580c403df634ec5d780f046"
    dependencies:
      "@babel/runtime" "^7.10.1"
      classnames "2.x"
      mini-store "^3.0.1"
      rc-motion "^2.0.1"
      rc-trigger "^5.1.2"
      rc-util "^5.7.0"
      resize-observer-polyfill "^1.5.0"
      shallowequal "^1.1.0"
  
  rc-motion@^2.0.0, rc-motion@^2.0.1, rc-motion@^2.2.0, rc-motion@^2.3.0, rc-motion@^2.3.4, rc-motion@^2.4.0:
    version "2.4.3"
    resolved "https://registry.nlark.com/rc-motion/download/rc-motion-2.4.3.tgz#2afd129da8764ee0372ba83442949d8ecb1c7ad2"
    dependencies:
      "@babel/runtime" "^7.11.1"
      classnames "^2.2.1"
      rc-util "^5.2.1"
  
  rc-notification@~4.5.2:
    version "4.5.5"
    resolved "https://registry.npm.taobao.org/rc-notification/download/rc-notification-4.5.5.tgz?cache=0&sync_timestamp=1614675471156&other_urls=https%3A%2F%2Fregistry.npm.taobao.org%2Frc-notification%2Fdownload%2Frc-notification-4.5.5.tgz#9660a495d5f20bd677686e4f7fc00e4f0c1a3849"
    dependencies:
      "@babel/runtime" "^7.10.1"
      classnames "2.x"
      rc-motion "^2.2.0"
      rc-util "^5.0.1"
  
  rc-overflow@^1.0.0:
    version "1.1.1"
    resolved "https://registry.nlark.com/rc-overflow/download/rc-overflow-1.1.1.tgz#c465e75f115f1b4b0cbe5e05faf3a84469d18190"
    dependencies:
      "@babel/runtime" "^7.11.1"
      classnames "^2.2.1"
      rc-resize-observer "^1.0.0"
      rc-util "^5.5.1"
  
  rc-pagination@~3.1.6:
    version "3.1.6"
    resolved "https://registry.npm.taobao.org/rc-pagination/download/rc-pagination-3.1.6.tgz#db3c06e50270b52fe272ac527c1fdc2c8d28af1f"
    dependencies:
      "@babel/runtime" "^7.10.1"
      classnames "^2.2.1"
  
  rc-picker@~2.5.10:
    version "2.5.10"
    resolved "https://registry.npm.taobao.org/rc-picker/download/rc-picker-2.5.10.tgz#0db17c535a37abbe5d016bdcdfb13d6626f802d0"
    dependencies:
      "@babel/runtime" "^7.10.1"
      classnames "^2.2.1"
      date-fns "^2.15.0"
      moment "^2.24.0"
      rc-trigger "^5.0.4"
      rc-util "^5.4.0"
      shallowequal "^1.1.0"
  
  rc-progress@~3.1.0:
    version "3.1.3"
    resolved "https://registry.npm.taobao.org/rc-progress/download/rc-progress-3.1.3.tgz#d77d8fd26d9d948d72c2a28b64b71a6e86df2426"
    dependencies:
      "@babel/runtime" "^7.10.1"
      classnames "^2.2.6"
  
  rc-rate@~2.9.0:
    version "2.9.1"
    resolved "https://registry.npm.taobao.org/rc-rate/download/rc-rate-2.9.1.tgz?cache=0&sync_timestamp=1605573529630&other_urls=https%3A%2F%2Fregistry.npm.taobao.org%2Frc-rate%2Fdownload%2Frc-rate-2.9.1.tgz#e43cb95c4eb90a2c1e0b16ec6614d8c43530a731"
    dependencies:
      "@babel/runtime" "^7.10.1"
      classnames "^2.2.5"
      rc-util "^5.0.1"
  
  rc-resize-observer@^1.0.0:
    version "1.0.0"
    resolved "https://registry.npm.taobao.org/rc-resize-observer/download/rc-resize-observer-1.0.0.tgz#97fb89856f62fec32ab6e40933935cf58e2e102d"
    dependencies:
      "@babel/runtime" "^7.10.1"
      classnames "^2.2.1"
      rc-util "^5.0.0"
      resize-observer-polyfill "^1.5.1"
  
  rc-select@^12.0.0, rc-select@~12.1.6:
    version "12.1.10"
    resolved "https://registry.nlark.com/rc-select/download/rc-select-12.1.10.tgz?cache=0&sync_timestamp=1618886387829&other_urls=https%3A%2F%2Fregistry.nlark.com%2Frc-select%2Fdownload%2Frc-select-12.1.10.tgz#66ce43192751190b7c0e9a0ab1ef79606421ce30"
    dependencies:
      "@babel/runtime" "^7.10.1"
      classnames "2.x"
      rc-motion "^2.0.1"
      rc-overflow "^1.0.0"
      rc-trigger "^5.0.4"
      rc-util "^5.9.8"
      rc-virtual-list "^3.2.0"
  
  rc-slider@~9.7.1:
    version "9.7.2"
    resolved "https://registry.npm.taobao.org/rc-slider/download/rc-slider-9.7.2.tgz?cache=0&sync_timestamp=1616675519253&other_urls=https%3A%2F%2Fregistry.npm.taobao.org%2Frc-slider%2Fdownload%2Frc-slider-9.7.2.tgz#282f571f7582752ebaa33964e441184f4e79ad74"
    dependencies:
      "@babel/runtime" "^7.10.1"
      classnames "^2.2.5"
      rc-tooltip "^5.0.1"
      rc-util "^5.0.0"
      shallowequal "^1.1.0"
  
  rc-steps@~4.1.0:
    version "4.1.3"
    resolved "https://registry.npm.taobao.org/rc-steps/download/rc-steps-4.1.3.tgz#208580e22db619e3830ddb7fa41bc886c65d9803"
    dependencies:
      "@babel/runtime" "^7.10.2"
      classnames "^2.2.3"
      rc-util "^5.0.1"
  
  rc-switch@~3.2.0:
    version "3.2.2"
    resolved "https://registry.npm.taobao.org/rc-switch/download/rc-switch-3.2.2.tgz#d001f77f12664d52595b4f6fb425dd9e66fba8e8"
    dependencies:
      "@babel/runtime" "^7.10.1"
      classnames "^2.2.1"
      rc-util "^5.0.1"
  
  rc-table@~7.13.0:
    version "7.13.3"
    resolved "https://registry.npm.taobao.org/rc-table/download/rc-table-7.13.3.tgz#25d5f5ec47ee2d8a293aff18c4c4b8876f78c22b"
    dependencies:
      "@babel/runtime" "^7.10.1"
      classnames "^2.2.5"
      rc-resize-observer "^1.0.0"
      rc-util "^5.4.0"
      shallowequal "^1.1.0"
  
  rc-tabs@~11.7.0:
    version "11.7.3"
    resolved "https://registry.nlark.com/rc-tabs/download/rc-tabs-11.7.3.tgz?cache=0&sync_timestamp=1620446921884&other_urls=https%3A%2F%2Fregistry.nlark.com%2Frc-tabs%2Fdownload%2Frc-tabs-11.7.3.tgz#32a30e59c6992d60fb58115ba0bf2652b337ed43"
    dependencies:
      "@babel/runtime" "^7.11.2"
      classnames "2.x"
      rc-dropdown "^3.1.3"
      rc-menu "^8.6.1"
      rc-resize-observer "^1.0.0"
      rc-util "^5.5.0"
  
  rc-textarea@^0.3.0, rc-textarea@~0.3.0:
    version "0.3.4"
    resolved "https://registry.npm.taobao.org/rc-textarea/download/rc-textarea-0.3.4.tgz?cache=0&sync_timestamp=1610543765708&other_urls=https%3A%2F%2Fregistry.npm.taobao.org%2Frc-textarea%2Fdownload%2Frc-textarea-0.3.4.tgz#1408a64c87b5e76db5c847699ef9ab5ee97dd6f9"
    dependencies:
      "@babel/runtime" "^7.10.1"
      classnames "^2.2.1"
      rc-resize-observer "^1.0.0"
      rc-util "^5.7.0"
  
  rc-tooltip@^5.0.1, rc-tooltip@~5.1.0:
    version "5.1.1"
    resolved "https://registry.nlark.com/rc-tooltip/download/rc-tooltip-5.1.1.tgz#94178ed162d0252bc4993b725f5dc2ac0fccf154"
    dependencies:
      "@babel/runtime" "^7.11.2"
      rc-trigger "^5.0.0"
  
  rc-tree-select@~4.3.0:
    version "4.3.2"
    resolved "https://registry.nlark.com/rc-tree-select/download/rc-tree-select-4.3.2.tgz#94031e36c819ae23e5154953538d00cc316a7fc0"
    dependencies:
      "@babel/runtime" "^7.10.1"
      classnames "2.x"
      rc-select "^12.0.0"
      rc-tree "^4.0.0"
      rc-util "^5.0.5"
  
  rc-tree@^4.0.0, rc-tree@~4.1.0:
    version "4.1.5"
    resolved "https://registry.npm.taobao.org/rc-tree/download/rc-tree-4.1.5.tgz?cache=0&sync_timestamp=1615350499740&other_urls=https%3A%2F%2Fregistry.npm.taobao.org%2Frc-tree%2Fdownload%2Frc-tree-4.1.5.tgz#734ab1bfe835e78791be41442ca0e571147ab6fa"
    dependencies:
      "@babel/runtime" "^7.10.1"
      classnames "2.x"
      rc-motion "^2.0.1"
      rc-util "^5.0.0"
      rc-virtual-list "^3.0.1"
  
  rc-trigger@^5.0.0, rc-trigger@^5.0.4, rc-trigger@^5.1.2, rc-trigger@^5.2.1:
    version "5.2.7"
    resolved "https://registry.nlark.com/rc-trigger/download/rc-trigger-5.2.7.tgz#c6128ded1744a0b5abf9f6a3611eefa7cfa2183a"
    dependencies:
      "@babel/runtime" "^7.11.2"
      classnames "^2.2.6"
      rc-align "^4.0.0"
      rc-motion "^2.0.0"
      rc-util "^5.5.0"
  
  rc-upload@~4.2.0-alpha.0:
    version "4.2.0"
    resolved "https://registry.npm.taobao.org/rc-upload/download/rc-upload-4.2.0.tgz?cache=0&sync_timestamp=1616563026236&other_urls=https%3A%2F%2Fregistry.npm.taobao.org%2Frc-upload%2Fdownload%2Frc-upload-4.2.0.tgz#5e21cab29f10ecb69d71cfb9055912d0e1e08ee0"
    dependencies:
      "@babel/runtime" "^7.10.1"
      classnames "^2.2.5"
      rc-util "^5.2.0"
  
  rc-util@^5.0.0, rc-util@^5.0.1, rc-util@^5.0.5, rc-util@^5.0.6, rc-util@^5.0.7, rc-util@^5.2.0, rc-util@^5.2.1, rc-util@^5.3.0, rc-util@^5.4.0, rc-util@^5.5.0, rc-util@^5.5.1, rc-util@^5.6.1, rc-util@^5.7.0, rc-util@^5.8.0, rc-util@^5.9.4, rc-util@^5.9.8:
    version "5.12.2"
    resolved "https://registry.nlark.com/rc-util/download/rc-util-5.12.2.tgz?cache=0&sync_timestamp=1620285199919&other_urls=https%3A%2F%2Fregistry.nlark.com%2Frc-util%2Fdownload%2Frc-util-5.12.2.tgz#41572687a2cd174fdaec028da756d288e398e9f8"
    dependencies:
      "@babel/runtime" "^7.12.5"
      react-is "^16.12.0"
      shallowequal "^1.1.0"
  
  rc-virtual-list@^3.0.1, rc-virtual-list@^3.2.0:
    version "3.2.6"
    resolved "https://registry.npm.taobao.org/rc-virtual-list/download/rc-virtual-list-3.2.6.tgz?cache=0&sync_timestamp=1610704023686&other_urls=https%3A%2F%2Fregistry.npm.taobao.org%2Frc-virtual-list%2Fdownload%2Frc-virtual-list-3.2.6.tgz#2c92a40f4425e19881b38134d6bd286a11137d2d"
    dependencies:
      classnames "^2.2.6"
      rc-resize-observer "^1.0.0"
      rc-util "^5.0.7"
  
  react-canvas-nest@^1.1.1:
    version "1.1.1"
    resolved "https://registry.nlark.com/react-canvas-nest/download/react-canvas-nest-1.1.1.tgz#e53687ad725a2131101276b565b144dde6863015"
  
  react-countup@^4.3.3:
    version "4.3.3"
    resolved "https://registry.npm.taobao.org/react-countup/download/react-countup-4.3.3.tgz#143a8d854d47290b73d6915eac20a12d839153c2"
    dependencies:
      countup.js "^1.9.3"
      prop-types "^15.7.2"
      warning "^4.0.3"
  
  react-dom@^17.0.0:
    version "17.0.2"
    resolved "https://registry.nlark.com/react-dom/download/react-dom-17.0.2.tgz#ecffb6845e3ad8dbfcdc498f0d0a939736502c23"
    dependencies:
      loose-envify "^1.1.0"
      object-assign "^4.1.1"
      scheduler "^0.20.2"
  
  react-is@^16.12.0, react-is@^16.13.1, react-is@^16.7.0, react-is@^16.8.1:
    version "16.13.1"
    resolved "https://registry.nlark.com/react-is/download/react-is-16.13.1.tgz#789729a4dc36de2999dc156dd6c1d9c18cea56a4"
  
  react-redux@^7.2.0:
    version "7.2.4"
    resolved "https://registry.nlark.com/react-redux/download/react-redux-7.2.4.tgz#1ebb474032b72d806de2e0519cd07761e222e225"
    dependencies:
      "@babel/runtime" "^7.12.1"
      "@types/react-redux" "^7.1.16"
      hoist-non-react-statics "^3.3.2"
      loose-envify "^1.4.0"
      prop-types "^15.7.2"
      react-is "^16.13.1"
  
  react-refresh@^0.9.0:
    version "0.9.0"
    resolved "https://registry.nlark.com/react-refresh/download/react-refresh-0.9.0.tgz#71863337adc3e5c2f8a6bfddd12ae3bfe32aafbf"
  
  react@^17.0.0:
    version "17.0.2"
    resolved "https://registry.nlark.com/react/download/react-17.0.2.tgz?cache=0&sync_timestamp=1620405955779&other_urls=https%3A%2F%2Fregistry.nlark.com%2Freact%2Fdownload%2Freact-17.0.2.tgz#d0b5cc516d29eb3eee383f75b62864cfb6800037"
    dependencies:
      loose-envify "^1.1.0"
      object-assign "^4.1.1"
  
  redux-react-hook@^4.0.1:
    version "4.0.3"
    resolved "https://registry.npm.taobao.org/redux-react-hook/download/redux-react-hook-4.0.3.tgz#859a9ba517f7e2e934def3b6aaa5c5a8da921cdc"
  
  redux@^4.0.0, redux@^4.0.5:
    version "4.1.0"
    resolved "https://registry.nlark.com/redux/download/redux-4.1.0.tgz?cache=0&sync_timestamp=1619288861423&other_urls=https%3A%2F%2Fregistry.nlark.com%2Fredux%2Fdownload%2Fredux-4.1.0.tgz#eb049679f2f523c379f1aff345c8612f294c88d4"
    dependencies:
      "@babel/runtime" "^7.9.2"
  
  regenerator-runtime@^0.13.4:
    version "0.13.7"
    resolved "https://registry.nlark.com/regenerator-runtime/download/regenerator-runtime-0.13.7.tgz#cac2dacc8a1ea675feaabaeb8ae833898ae46f55"
  
  regexp.prototype.flags@^1.3.1:
    version "1.3.1"
    resolved "https://registry.npm.taobao.org/regexp.prototype.flags/download/regexp.prototype.flags-1.3.1.tgz?cache=0&sync_timestamp=1610725711521&other_urls=https%3A%2F%2Fregistry.npm.taobao.org%2Fregexp.prototype.flags%2Fdownload%2Fregexp.prototype.flags-1.3.1.tgz#7ef352ae8d159e758c0eadca6f8fcb4eef07be26"
    dependencies:
      call-bind "^1.0.2"
      define-properties "^1.1.3"
  
  regexpp@^3.0.0:
    version "3.1.0"
    resolved "https://registry.npm.taobao.org/regexpp/download/regexpp-3.1.0.tgz#206d0ad0a5648cffbdb8ae46438f3dc51c9f78e2"
  
  resize-observer-polyfill@^1.5.0, resize-observer-polyfill@^1.5.1:
    version "1.5.1"
    resolved "https://registry.npm.taobao.org/resize-observer-polyfill/download/resize-observer-polyfill-1.5.1.tgz#0e9020dd3d21024458d4ebd27e23e40269810464"
  
  resolve@^1.19.0:
    version "1.20.0"
    resolved "https://registry.nlark.com/resolve/download/resolve-1.20.0.tgz?cache=0&sync_timestamp=1618846903792&other_urls=https%3A%2F%2Fregistry.nlark.com%2Fresolve%2Fdownload%2Fresolve-1.20.0.tgz#629a013fb3f70755d6f0b7935cc1c2c5378b1975"
    dependencies:
      is-core-module "^2.2.0"
      path-parse "^1.0.6"
  
  resolve@^2.0.0-next.3:
    version "2.0.0-next.3"
    resolved "https://registry.nlark.com/resolve/download/resolve-2.0.0-next.3.tgz?cache=0&sync_timestamp=1618846903792&other_urls=https%3A%2F%2Fregistry.nlark.com%2Fresolve%2Fdownload%2Fresolve-2.0.0-next.3.tgz#d41016293d4a8586a39ca5d9b5f15cbea1f55e46"
    dependencies:
      is-core-module "^2.2.0"
      path-parse "^1.0.6"
  
  rollup@^2.38.5:
    version "2.47.0"
    resolved "https://registry.nlark.com/rollup/download/rollup-2.47.0.tgz?cache=0&sync_timestamp=1620105049091&other_urls=https%3A%2F%2Fregistry.nlark.com%2Frollup%2Fdownload%2Frollup-2.47.0.tgz#9d958aeb2c0f6a383cacc0401dff02b6e252664d"
    optionalDependencies:
      fsevents "~2.3.1"
  
  safe-buffer@~5.1.1:
    version "5.1.2"
    resolved "https://registry.nlark.com/safe-buffer/download/safe-buffer-5.1.2.tgz#991ec69d296e0313747d59bdfd2b745c35f8828d"
  
  scheduler@^0.20.2:
    version "0.20.2"
    resolved "https://registry.nlark.com/scheduler/download/scheduler-0.20.2.tgz#4baee39436e34aa93b4874bddcbf0fe8b8b50e91"
    dependencies:
      loose-envify "^1.1.0"
      object-assign "^4.1.1"
  
  scroll-into-view-if-needed@^2.2.25:
    version "2.2.28"
    resolved "https://registry.npm.taobao.org/scroll-into-view-if-needed/download/scroll-into-view-if-needed-2.2.28.tgz#5a15b2f58a52642c88c8eca584644e01703d645a"
    dependencies:
      compute-scroll-into-view "^1.0.17"
  
  semver@^6.3.0:
    version "6.3.0"
    resolved "https://registry.npm.taobao.org/semver/download/semver-6.3.0.tgz?cache=0&sync_timestamp=1616491453441&other_urls=https%3A%2F%2Fregistry.npm.taobao.org%2Fsemver%2Fdownload%2Fsemver-6.3.0.tgz#ee0a64c8af5e8ceea67687b133761e1becbd1d3d"
  
  semver@^7.3.2:
    version "7.3.5"
    resolved "https://registry.npm.taobao.org/semver/download/semver-7.3.5.tgz?cache=0&sync_timestamp=1616491453441&other_urls=https%3A%2F%2Fregistry.npm.taobao.org%2Fsemver%2Fdownload%2Fsemver-7.3.5.tgz#0b621c879348d8998e4b0e4be94b3f12e6018ef7"
    dependencies:
      lru-cache "^6.0.0"
  
  shallowequal@^1.0.2, shallowequal@^1.1.0:
    version "1.1.0"
    resolved "https://registry.npm.taobao.org/shallowequal/download/shallowequal-1.1.0.tgz#188d521de95b9087404fd4dcb68b13df0ae4e7f8"
  
  side-channel@^1.0.4:
    version "1.0.4"
    resolved "https://registry.npm.taobao.org/side-channel/download/side-channel-1.0.4.tgz#efce5c8fdc104ee751b25c58d4290011fa5ea2cf"
    dependencies:
      call-bind "^1.0.0"
      get-intrinsic "^1.0.2"
      object-inspect "^1.9.0"
  
  source-map@^0.5.0:
    version "0.5.7"
    resolved "https://registry.npm.taobao.org/source-map/download/source-map-0.5.7.tgz#8a039d2d1021d22d1ea14c80d8ea468ba2ef3fcc"
  
  source-map@^0.6.1:
    version "0.6.1"
    resolved "https://registry.npm.taobao.org/source-map/download/source-map-0.6.1.tgz#74722af32e9614e9c287a8d0bbde48b5e2f1a263"
  
  string-convert@^0.2.0:
    version "0.2.1"
    resolved "https://registry.npm.taobao.org/string-convert/download/string-convert-0.2.1.tgz#6982cc3049fbb4cd85f8b24568b9d9bf39eeff97"
  
  string.prototype.matchall@^4.0.4:
    version "4.0.4"
    resolved "https://registry.npm.taobao.org/string.prototype.matchall/download/string.prototype.matchall-4.0.4.tgz#608f255e93e072107f5de066f81a2dfb78cf6b29"
    dependencies:
      call-bind "^1.0.2"
      define-properties "^1.1.3"
      es-abstract "^1.18.0-next.2"
      has-symbols "^1.0.1"
      internal-slot "^1.0.3"
      regexp.prototype.flags "^1.3.1"
      side-channel "^1.0.4"
  
  string.prototype.trimend@^1.0.4:
    version "1.0.4"
    resolved "https://registry.npm.taobao.org/string.prototype.trimend/download/string.prototype.trimend-1.0.4.tgz?cache=0&sync_timestamp=1614127461586&other_urls=https%3A%2F%2Fregistry.npm.taobao.org%2Fstring.prototype.trimend%2Fdownload%2Fstring.prototype.trimend-1.0.4.tgz#e75ae90c2942c63504686c18b287b4a0b1a45f80"
    dependencies:
      call-bind "^1.0.2"
      define-properties "^1.1.3"
  
  string.prototype.trimstart@^1.0.4:
    version "1.0.4"
    resolved "https://registry.npm.taobao.org/string.prototype.trimstart/download/string.prototype.trimstart-1.0.4.tgz?cache=0&sync_timestamp=1614127299808&other_urls=https%3A%2F%2Fregistry.npm.taobao.org%2Fstring.prototype.trimstart%2Fdownload%2Fstring.prototype.trimstart-1.0.4.tgz#b36399af4ab2999b4c9c648bd7a3fb2bb26feeed"
    dependencies:
      call-bind "^1.0.2"
      define-properties "^1.1.3"
  
  styled-components@^5.1.1:
    version "5.3.0"
    resolved "https://registry.nlark.com/styled-components/download/styled-components-5.3.0.tgz#e47c3d3e9ddfff539f118a3dd0fd4f8f4fb25727"
    dependencies:
      "@babel/helper-module-imports" "^7.0.0"
      "@babel/traverse" "^7.4.5"
      "@emotion/is-prop-valid" "^0.8.8"
      "@emotion/stylis" "^0.8.4"
      "@emotion/unitless" "^0.7.4"
      babel-plugin-styled-components ">= 1.12.0"
      css-to-react-native "^3.0.0"
      hoist-non-react-statics "^3.0.0"
      shallowequal "^1.1.0"
      supports-color "^5.5.0"
  
  supports-color@^5.3.0, supports-color@^5.5.0:
    version "5.5.0"
    resolved "https://registry.npm.taobao.org/supports-color/download/supports-color-5.5.0.tgz?cache=0&sync_timestamp=1618561008172&other_urls=https%3A%2F%2Fregistry.npm.taobao.org%2Fsupports-color%2Fdownload%2Fsupports-color-5.5.0.tgz#e2e69a44ac8772f78a1ec0b35b689df6530efc8f"
    dependencies:
      has-flag "^3.0.0"
  
  to-fast-properties@^2.0.0:
    version "2.0.0"
    resolved "https://registry.npm.taobao.org/to-fast-properties/download/to-fast-properties-2.0.0.tgz#dc5e698cbd079265bc73e0377681a4e4e83f616e"
  
  toggle-selection@^1.0.6:
    version "1.0.6"
    resolved "https://registry.npm.taobao.org/toggle-selection/download/toggle-selection-1.0.6.tgz#6e45b1263f2017fa0acc7d89d78b15b8bf77da32"
  
  tslib@^1.8.1:
    version "1.14.1"
    resolved "https://registry.nlark.com/tslib/download/tslib-1.14.1.tgz?cache=0&sync_timestamp=1618847132149&other_urls=https%3A%2F%2Fregistry.nlark.com%2Ftslib%2Fdownload%2Ftslib-1.14.1.tgz#cf2d38bdc34a134bcaf1091c41f6619e2f672d00"
  
  tsutils@^3.17.1:
    version "3.21.0"
    resolved "https://registry.npm.taobao.org/tsutils/download/tsutils-3.21.0.tgz?cache=0&sync_timestamp=1615138114650&other_urls=https%3A%2F%2Fregistry.npm.taobao.org%2Ftsutils%2Fdownload%2Ftsutils-3.21.0.tgz#b48717d394cea6c1e096983eed58e9d61715b623"
    dependencies:
      tslib "^1.8.1"
  
  typescript@^4.1.2:
    version "4.2.4"
    resolved "https://registry.nlark.com/typescript/download/typescript-4.2.4.tgz#8610b59747de028fda898a8aef0e103f156d0961"
  
  unbox-primitive@^1.0.0:
    version "1.0.1"
    resolved "https://registry.npm.taobao.org/unbox-primitive/download/unbox-primitive-1.0.1.tgz?cache=0&sync_timestamp=1616706427948&other_urls=https%3A%2F%2Fregistry.npm.taobao.org%2Funbox-primitive%2Fdownload%2Funbox-primitive-1.0.1.tgz#085e215625ec3162574dc8859abee78a59b14471"
    dependencies:
      function-bind "^1.1.1"
      has-bigints "^1.0.1"
      has-symbols "^1.0.2"
      which-boxed-primitive "^1.0.2"
  
  vite@^2.2.3:
    version "2.2.4"
    resolved "https://registry.nlark.com/vite/download/vite-2.2.4.tgz#8f9cc85aacab04c850085894b086c8717f12ed16"
    dependencies:
      esbuild "^0.9.3"
      postcss "^8.2.1"
      resolve "^1.19.0"
      rollup "^2.38.5"
    optionalDependencies:
      fsevents "~2.3.1"
  
  warning@^4.0.1, warning@^4.0.3:
    version "4.0.3"
    resolved "https://registry.npm.taobao.org/warning/download/warning-4.0.3.tgz#16e9e077eb8a86d6af7d64aa1e05fd85b4678ca3"
    dependencies:
      loose-envify "^1.0.0"
  
  which-boxed-primitive@^1.0.2:
    version "1.0.2"
    resolved "https://registry.npm.taobao.org/which-boxed-primitive/download/which-boxed-primitive-1.0.2.tgz#13757bc89b209b049fe5d86430e21cf40a89a8e6"
    dependencies:
      is-bigint "^1.0.1"
      is-boolean-object "^1.1.0"
      is-number-object "^1.0.4"
      is-string "^1.0.5"
      is-symbol "^1.0.3"
  
  wrappy@1:
    version "1.0.2"
    resolved "https://registry.nlark.com/wrappy/download/wrappy-1.0.2.tgz#b5243d8f3ec1aa35f1364605bc0d1036e30ab69f"
  
  yallist@^4.0.0:
    version "4.0.0"
    resolved "https://registry.npm.taobao.org/yallist/download/yallist-4.0.0.tgz#9bb92790d9c0effec63be73519e11a35019a3a72"
